{"C:\\Users\\M.KHANSA\\hacktiv8\\Phase 3\\final project(new)\\m2m-backend\\app.js": {"path":"C:\\Users\\M.KHANSA\\hacktiv8\\Phase 3\\final project(new)\\m2m-backend\\app.js","statementMap":{"0":{"start":{"line":1,"column":16},"end":{"line":1,"column":34}},"1":{"start":{"line":2,"column":12},"end":{"line":2,"column":21}},"2":{"start":{"line":3,"column":13},"end":{"line":3,"column":28}},"3":{"start":{"line":5,"column":15},"end":{"line":5,"column":34}},"4":{"start":{"line":7,"column":0},"end":{"line":7,"column":16}},"5":{"start":{"line":8,"column":0},"end":{"line":8,"column":24}},"6":{"start":{"line":9,"column":0},"end":{"line":9,"column":49}},"7":{"start":{"line":10,"column":0},"end":{"line":10,"column":16}},"8":{"start":{"line":12,"column":0},"end":{"line":12,"column":21}}},"fnMap":{},"branchMap":{},"s":{"0":1,"1":1,"2":1,"3":1,"4":1,"5":1,"6":1,"7":1,"8":1},"f":{},"b":{},"_coverageSchema":"1a1c01bbd47fc00a2c39e90264f33305004495a9","hash":"2e12d55869f68b2f21144be3496c43564f6d3d10"}
,"C:\\Users\\M.KHANSA\\hacktiv8\\Phase 3\\final project(new)\\m2m-backend\\controllers\\fields.js": {"path":"C:\\Users\\M.KHANSA\\hacktiv8\\Phase 3\\final project(new)\\m2m-backend\\controllers\\fields.js","statementMap":{"0":{"start":{"line":1,"column":28},"end":{"line":1,"column":48}},"1":{"start":{"line":5,"column":4},"end":{"line":10,"column":5}},"2":{"start":{"line":6,"column":21},"end":{"line":6,"column":63}},"3":{"start":{"line":7,"column":6},"end":{"line":7,"column":35}},"4":{"start":{"line":9,"column":6},"end":{"line":9,"column":13}},"5":{"start":{"line":14,"column":0},"end":{"line":14,"column":33}}},"fnMap":{"0":{"name":"(anonymous_0)","decl":{"start":{"line":4,"column":2},"end":{"line":4,"column":3}},"loc":{"start":{"line":4,"column":41},"end":{"line":11,"column":3}},"line":4}},"branchMap":{},"s":{"0":1,"1":0,"2":0,"3":0,"4":0,"5":1},"f":{"0":0},"b":{},"_coverageSchema":"1a1c01bbd47fc00a2c39e90264f33305004495a9","hash":"0c309ee9692fc0ff8fe564e8e958be1127b594dd"}
,"C:\\Users\\M.KHANSA\\hacktiv8\\Phase 3\\final project(new)\\m2m-backend\\controllers\\match.js": {"path":"C:\\Users\\M.KHANSA\\hacktiv8\\Phase 3\\final project(new)\\m2m-backend\\controllers\\match.js","statementMap":{"0":{"start":{"line":1,"column":24},"end":{"line":1,"column":49}},"1":{"start":{"line":9,"column":4},"end":{"line":9,"column":24}},"2":{"start":{"line":10,"column":15},"end":{"line":10,"column":35}},"3":{"start":{"line":11,"column":20},"end":{"line":11,"column":53}},"4":{"start":{"line":15,"column":4},"end":{"line":49,"column":5}},"5":{"start":{"line":16,"column":19},"end":{"line":16,"column":30}},"6":{"start":{"line":28,"column":10},"end":{"line":28,"column":18}},"7":{"start":{"line":30,"column":23},"end":{"line":43,"column":8}},"8":{"start":{"line":44,"column":6},"end":{"line":46,"column":78}},"9":{"start":{"line":48,"column":6},"end":{"line":48,"column":18}},"10":{"start":{"line":53,"column":4},"end":{"line":76,"column":5}},"11":{"start":{"line":54,"column":19},"end":{"line":54,"column":30}},"12":{"start":{"line":56,"column":26},"end":{"line":56,"column":36}},"13":{"start":{"line":57,"column":28},"end":{"line":57,"column":57}},"14":{"start":{"line":58,"column":6},"end":{"line":60,"column":7}},"15":{"start":{"line":59,"column":8},"end":{"line":59,"column":66}},"16":{"start":{"line":61,"column":6},"end":{"line":67,"column":7}},"17":{"start":{"line":62,"column":8},"end":{"line":66,"column":10}},"18":{"start":{"line":68,"column":26},"end":{"line":70,"column":8}},"19":{"start":{"line":71,"column":6},"end":{"line":73,"column":76}},"20":{"start":{"line":75,"column":6},"end":{"line":75,"column":18}},"21":{"start":{"line":80,"column":4},"end":{"line":109,"column":5}},"22":{"start":{"line":81,"column":33},"end":{"line":81,"column":42}},"23":{"start":{"line":83,"column":6},"end":{"line":84,"column":61}},"24":{"start":{"line":84,"column":8},"end":{"line":84,"column":61}},"25":{"start":{"line":86,"column":26},"end":{"line":86,"column":28}},"26":{"start":{"line":88,"column":6},"end":{"line":104,"column":7}},"27":{"start":{"line":89,"column":8},"end":{"line":96,"column":11}},"28":{"start":{"line":98,"column":8},"end":{"line":102,"column":9}},"29":{"start":{"line":99,"column":10},"end":{"line":99,"column":46}},"30":{"start":{"line":101,"column":10},"end":{"line":101,"column":79}},"31":{"start":{"line":103,"column":8},"end":{"line":103,"column":62}},"32":{"start":{"line":106,"column":6},"end":{"line":106,"column":36}},"33":{"start":{"line":108,"column":6},"end":{"line":108,"column":14}},"34":{"start":{"line":113,"column":4},"end":{"line":147,"column":5}},"35":{"start":{"line":114,"column":26},"end":{"line":114,"column":36}},"36":{"start":{"line":115,"column":20},"end":{"line":142,"column":8}},"37":{"start":{"line":143,"column":6},"end":{"line":143,"column":34}},"38":{"start":{"line":145,"column":6},"end":{"line":145,"column":21}},"39":{"start":{"line":146,"column":6},"end":{"line":146,"column":18}},"40":{"start":{"line":151,"column":4},"end":{"line":175,"column":5}},"41":{"start":{"line":152,"column":35},"end":{"line":152,"column":45}},"42":{"start":{"line":153,"column":29},"end":{"line":153,"column":37}},"43":{"start":{"line":154,"column":21},"end":{"line":154,"column":22}},"44":{"start":{"line":156,"column":31},"end":{"line":163,"column":8}},"45":{"start":{"line":165,"column":6},"end":{"line":170,"column":10}},"46":{"start":{"line":166,"column":8},"end":{"line":170,"column":10}},"47":{"start":{"line":172,"column":6},"end":{"line":172,"column":34}},"48":{"start":{"line":174,"column":6},"end":{"line":174,"column":14}},"49":{"start":{"line":179,"column":4},"end":{"line":202,"column":5}},"50":{"start":{"line":180,"column":35},"end":{"line":180,"column":45}},"51":{"start":{"line":181,"column":21},"end":{"line":181,"column":29}},"52":{"start":{"line":183,"column":20},"end":{"line":183,"column":49}},"53":{"start":{"line":184,"column":6},"end":{"line":185,"column":61}},"54":{"start":{"line":185,"column":8},"end":{"line":185,"column":61}},"55":{"start":{"line":187,"column":21},"end":{"line":198,"column":8}},"56":{"start":{"line":199,"column":6},"end":{"line":199,"column":35}},"57":{"start":{"line":201,"column":6},"end":{"line":201,"column":14}},"58":{"start":{"line":206,"column":4},"end":{"line":235,"column":5}},"59":{"start":{"line":207,"column":25},"end":{"line":207,"column":33}},"60":{"start":{"line":208,"column":58},"end":{"line":208,"column":68}},"61":{"start":{"line":211,"column":6},"end":{"line":219,"column":8}},"62":{"start":{"line":220,"column":6},"end":{"line":228,"column":7}},"63":{"start":{"line":221,"column":8},"end":{"line":221,"column":83}},"64":{"start":{"line":222,"column":8},"end":{"line":225,"column":10}},"65":{"start":{"line":227,"column":8},"end":{"line":227,"column":83}},"66":{"start":{"line":230,"column":6},"end":{"line":232,"column":9}},"67":{"start":{"line":234,"column":6},"end":{"line":234,"column":14}},"68":{"start":{"line":239,"column":0},"end":{"line":239,"column":33}}},"fnMap":{"0":{"name":"(anonymous_0)","decl":{"start":{"line":14,"column":2},"end":{"line":14,"column":3}},"loc":{"start":{"line":14,"column":40},"end":{"line":50,"column":3}},"line":14},"1":{"name":"(anonymous_1)","decl":{"start":{"line":52,"column":2},"end":{"line":52,"column":3}},"loc":{"start":{"line":52,"column":43},"end":{"line":77,"column":3}},"line":52},"2":{"name":"(anonymous_2)","decl":{"start":{"line":79,"column":2},"end":{"line":79,"column":3}},"loc":{"start":{"line":79,"column":45},"end":{"line":110,"column":3}},"line":79},"3":{"name":"(anonymous_3)","decl":{"start":{"line":112,"column":2},"end":{"line":112,"column":3}},"loc":{"start":{"line":112,"column":40},"end":{"line":148,"column":3}},"line":112},"4":{"name":"(anonymous_4)","decl":{"start":{"line":150,"column":2},"end":{"line":150,"column":3}},"loc":{"start":{"line":150,"column":43},"end":{"line":176,"column":3}},"line":150},"5":{"name":"(anonymous_5)","decl":{"start":{"line":178,"column":2},"end":{"line":178,"column":3}},"loc":{"start":{"line":178,"column":55},"end":{"line":203,"column":3}},"line":178},"6":{"name":"(anonymous_6)","decl":{"start":{"line":205,"column":2},"end":{"line":205,"column":3}},"loc":{"start":{"line":205,"column":63},"end":{"line":236,"column":3}},"line":205}},"branchMap":{"0":{"loc":{"start":{"line":58,"column":6},"end":{"line":60,"column":7}},"type":"if","locations":[{"start":{"line":58,"column":6},"end":{"line":60,"column":7}},{"start":{},"end":{}}],"line":58},"1":{"loc":{"start":{"line":61,"column":6},"end":{"line":67,"column":7}},"type":"if","locations":[{"start":{"line":61,"column":6},"end":{"line":67,"column":7}},{"start":{},"end":{}}],"line":61},"2":{"loc":{"start":{"line":83,"column":6},"end":{"line":84,"column":61}},"type":"if","locations":[{"start":{"line":83,"column":6},"end":{"line":84,"column":61}},{"start":{},"end":{}}],"line":83},"3":{"loc":{"start":{"line":83,"column":10},"end":{"line":83,"column":66}},"type":"binary-expr","locations":[{"start":{"line":83,"column":10},"end":{"line":83,"column":24}},{"start":{"line":83,"column":28},"end":{"line":83,"column":66}}],"line":83},"4":{"loc":{"start":{"line":88,"column":6},"end":{"line":104,"column":7}},"type":"if","locations":[{"start":{"line":88,"column":6},"end":{"line":104,"column":7}},{"start":{"line":97,"column":13},"end":{"line":104,"column":7}}],"line":88},"5":{"loc":{"start":{"line":98,"column":8},"end":{"line":102,"column":9}},"type":"if","locations":[{"start":{"line":98,"column":8},"end":{"line":102,"column":9}},{"start":{"line":100,"column":15},"end":{"line":102,"column":9}}],"line":98},"6":{"loc":{"start":{"line":165,"column":6},"end":{"line":170,"column":10}},"type":"if","locations":[{"start":{"line":165,"column":6},"end":{"line":170,"column":10}},{"start":{},"end":{}}],"line":165},"7":{"loc":{"start":{"line":184,"column":6},"end":{"line":185,"column":61}},"type":"if","locations":[{"start":{"line":184,"column":6},"end":{"line":185,"column":61}},{"start":{},"end":{}}],"line":184},"8":{"loc":{"start":{"line":220,"column":6},"end":{"line":228,"column":7}},"type":"if","locations":[{"start":{"line":220,"column":6},"end":{"line":228,"column":7}},{"start":{"line":226,"column":13},"end":{"line":228,"column":7}}],"line":220}},"s":{"0":1,"1":1,"2":1,"3":1,"4":0,"5":0,"6":0,"7":0,"8":0,"9":0,"10":0,"11":0,"12":0,"13":0,"14":0,"15":0,"16":0,"17":0,"18":0,"19":0,"20":0,"21":0,"22":0,"23":0,"24":0,"25":0,"26":0,"27":0,"28":0,"29":0,"30":0,"31":0,"32":0,"33":0,"34":0,"35":0,"36":0,"37":0,"38":0,"39":0,"40":0,"41":0,"42":0,"43":0,"44":0,"45":0,"46":0,"47":0,"48":0,"49":0,"50":0,"51":0,"52":0,"53":0,"54":0,"55":0,"56":0,"57":0,"58":0,"59":0,"60":0,"61":0,"62":0,"63":0,"64":0,"65":0,"66":0,"67":0,"68":1},"f":{"0":0,"1":0,"2":0,"3":0,"4":0,"5":0,"6":0},"b":{"0":[0,0],"1":[0,0],"2":[0,0],"3":[0,0],"4":[0,0],"5":[0,0],"6":[0,0],"7":[0,0],"8":[0,0]},"_coverageSchema":"1a1c01bbd47fc00a2c39e90264f33305004495a9","hash":"365eaec744e1b5e2194b6f15608a698621fe384d"}
,"C:\\Users\\M.KHANSA\\hacktiv8\\Phase 3\\final project(new)\\m2m-backend\\controllers\\user.js": {"path":"C:\\Users\\M.KHANSA\\hacktiv8\\Phase 3\\final project(new)\\m2m-backend\\controllers\\user.js","statementMap":{"0":{"start":{"line":1,"column":28},"end":{"line":1,"column":56}},"1":{"start":{"line":2,"column":20},"end":{"line":2,"column":53}},"2":{"start":{"line":3,"column":24},"end":{"line":3,"column":49}},"3":{"start":{"line":4,"column":17},"end":{"line":4,"column":37}},"4":{"start":{"line":8,"column":4},"end":{"line":23,"column":5}},"5":{"start":{"line":9,"column":34},"end":{"line":9,"column":42}},"6":{"start":{"line":10,"column":22},"end":{"line":10,"column":62}},"7":{"start":{"line":11,"column":6},"end":{"line":13,"column":7}},"8":{"start":{"line":12,"column":8},"end":{"line":12,"column":76}},"9":{"start":{"line":14,"column":27},"end":{"line":14,"column":70}},"10":{"start":{"line":15,"column":6},"end":{"line":17,"column":7}},"11":{"start":{"line":16,"column":8},"end":{"line":16,"column":76}},"12":{"start":{"line":18,"column":22},"end":{"line":18,"column":40}},"13":{"start":{"line":19,"column":27},"end":{"line":19,"column":47}},"14":{"start":{"line":20,"column":6},"end":{"line":20,"column":61}},"15":{"start":{"line":22,"column":6},"end":{"line":22,"column":18}},"16":{"start":{"line":27,"column":4},"end":{"line":36,"column":5}},"17":{"start":{"line":28,"column":45},"end":{"line":28,"column":53}},"18":{"start":{"line":30,"column":27},"end":{"line":30,"column":76}},"19":{"start":{"line":31,"column":6},"end":{"line":33,"column":9}},"20":{"start":{"line":35,"column":6},"end":{"line":35,"column":18}},"21":{"start":{"line":40,"column":0},"end":{"line":40,"column":32}}},"fnMap":{"0":{"name":"(anonymous_0)","decl":{"start":{"line":7,"column":2},"end":{"line":7,"column":3}},"loc":{"start":{"line":7,"column":37},"end":{"line":24,"column":3}},"line":7},"1":{"name":"(anonymous_1)","decl":{"start":{"line":26,"column":2},"end":{"line":26,"column":3}},"loc":{"start":{"line":26,"column":40},"end":{"line":37,"column":3}},"line":26}},"branchMap":{"0":{"loc":{"start":{"line":11,"column":6},"end":{"line":13,"column":7}},"type":"if","locations":[{"start":{"line":11,"column":6},"end":{"line":13,"column":7}},{"start":{},"end":{}}],"line":11},"1":{"loc":{"start":{"line":15,"column":6},"end":{"line":17,"column":7}},"type":"if","locations":[{"start":{"line":15,"column":6},"end":{"line":17,"column":7}},{"start":{},"end":{}}],"line":15}},"s":{"0":1,"1":1,"2":1,"3":1,"4":3,"5":3,"6":3,"7":3,"8":1,"9":2,"10":2,"11":1,"12":1,"13":1,"14":1,"15":2,"16":3,"17":3,"18":3,"19":1,"20":2,"21":1},"f":{"0":3,"1":3},"b":{"0":[1,2],"1":[1,1]},"_coverageSchema":"1a1c01bbd47fc00a2c39e90264f33305004495a9","hash":"74d0d19b224955ccf77e188bcfd2cd3cb7968ef2"}
,"C:\\Users\\M.KHANSA\\hacktiv8\\Phase 3\\final project(new)\\m2m-backend\\helpers\\bcrypt.js": {"path":"C:\\Users\\M.KHANSA\\hacktiv8\\Phase 3\\final project(new)\\m2m-backend\\helpers\\bcrypt.js","statementMap":{"0":{"start":{"line":1,"column":15},"end":{"line":1,"column":34}},"1":{"start":{"line":4,"column":2},"end":{"line":4,"column":39}},"2":{"start":{"line":8,"column":2},"end":{"line":8,"column":52}},"3":{"start":{"line":11,"column":0},"end":{"line":11,"column":51}}},"fnMap":{"0":{"name":"hashPassword","decl":{"start":{"line":3,"column":9},"end":{"line":3,"column":21}},"loc":{"start":{"line":3,"column":32},"end":{"line":5,"column":1}},"line":3},"1":{"name":"comparePassword","decl":{"start":{"line":7,"column":9},"end":{"line":7,"column":24}},"loc":{"start":{"line":7,"column":49},"end":{"line":9,"column":1}},"line":7}},"branchMap":{},"s":{"0":1,"1":2,"2":2,"3":1},"f":{"0":2,"1":2},"b":{},"_coverageSchema":"1a1c01bbd47fc00a2c39e90264f33305004495a9","hash":"09f94c340f2a5b716ee2e71f5210b51315e9b5b4"}
,"C:\\Users\\M.KHANSA\\hacktiv8\\Phase 3\\final project(new)\\m2m-backend\\helpers\\customError.js": {"path":"C:\\Users\\M.KHANSA\\hacktiv8\\Phase 3\\final project(new)\\m2m-backend\\helpers\\customError.js","statementMap":{"0":{"start":{"line":3,"column":4},"end":{"line":3,"column":19}},"1":{"start":{"line":4,"column":4},"end":{"line":4,"column":21}},"2":{"start":{"line":5,"column":4},"end":{"line":5,"column":24}},"3":{"start":{"line":9,"column":0},"end":{"line":9,"column":29}}},"fnMap":{"0":{"name":"(anonymous_0)","decl":{"start":{"line":2,"column":2},"end":{"line":2,"column":3}},"loc":{"start":{"line":2,"column":37},"end":{"line":6,"column":3}},"line":2}},"branchMap":{},"s":{"0":2,"1":2,"2":2,"3":1},"f":{"0":2},"b":{},"_coverageSchema":"1a1c01bbd47fc00a2c39e90264f33305004495a9","hash":"d4d31c8a30fbf6b2d7894950213400ec9dc806d6"}
,"C:\\Users\\M.KHANSA\\hacktiv8\\Phase 3\\final project(new)\\m2m-backend\\helpers\\jwt.js": {"path":"C:\\Users\\M.KHANSA\\hacktiv8\\Phase 3\\final project(new)\\m2m-backend\\helpers\\jwt.js","statementMap":{"0":{"start":{"line":1,"column":12},"end":{"line":1,"column":35}},"1":{"start":{"line":2,"column":13},"end":{"line":2,"column":21}},"2":{"start":{"line":6,"column":2},"end":{"line":6,"column":33}},"3":{"start":{"line":10,"column":2},"end":{"line":10,"column":33}},"4":{"start":{"line":13,"column":0},"end":{"line":13,"column":46}}},"fnMap":{"0":{"name":"createToken","decl":{"start":{"line":5,"column":9},"end":{"line":5,"column":20}},"loc":{"start":{"line":5,"column":30},"end":{"line":7,"column":1}},"line":5},"1":{"name":"verifyToken","decl":{"start":{"line":9,"column":9},"end":{"line":9,"column":20}},"loc":{"start":{"line":9,"column":28},"end":{"line":11,"column":1}},"line":9}},"branchMap":{},"s":{"0":1,"1":1,"2":1,"3":0,"4":1},"f":{"0":1,"1":0},"b":{},"_coverageSchema":"1a1c01bbd47fc00a2c39e90264f33305004495a9","hash":"4805f00d4f347b4b89cce88f2321380423a3a5a5"}
,"C:\\Users\\M.KHANSA\\hacktiv8\\Phase 3\\final project(new)\\m2m-backend\\middleware\\authHandler.js": {"path":"C:\\Users\\M.KHANSA\\hacktiv8\\Phase 3\\final project(new)\\m2m-backend\\middleware\\authHandler.js","statementMap":{"0":{"start":{"line":1,"column":20},"end":{"line":1,"column":53}},"1":{"start":{"line":2,"column":22},"end":{"line":2,"column":47}},"2":{"start":{"line":4,"column":20},"end":{"line":18,"column":1}},"3":{"start":{"line":5,"column":2},"end":{"line":17,"column":3}},"4":{"start":{"line":6,"column":27},"end":{"line":6,"column":38}},"5":{"start":{"line":7,"column":4},"end":{"line":7,"column":82}},"6":{"start":{"line":7,"column":23},"end":{"line":7,"column":82}},"7":{"start":{"line":9,"column":25},"end":{"line":9,"column":50}},"8":{"start":{"line":11,"column":4},"end":{"line":11,"column":81}},"9":{"start":{"line":11,"column":22},"end":{"line":11,"column":81}},"10":{"start":{"line":13,"column":4},"end":{"line":13,"column":37}},"11":{"start":{"line":14,"column":4},"end":{"line":14,"column":11}},"12":{"start":{"line":16,"column":4},"end":{"line":16,"column":12}},"13":{"start":{"line":20,"column":0},"end":{"line":20,"column":29}}},"fnMap":{"0":{"name":"(anonymous_0)","decl":{"start":{"line":4,"column":20},"end":{"line":4,"column":21}},"loc":{"start":{"line":4,"column":40},"end":{"line":18,"column":1}},"line":4}},"branchMap":{"0":{"loc":{"start":{"line":7,"column":4},"end":{"line":7,"column":82}},"type":"if","locations":[{"start":{"line":7,"column":4},"end":{"line":7,"column":82}},{"start":{},"end":{}}],"line":7},"1":{"loc":{"start":{"line":11,"column":4},"end":{"line":11,"column":81}},"type":"if","locations":[{"start":{"line":11,"column":4},"end":{"line":11,"column":81}},{"start":{},"end":{}}],"line":11}},"s":{"0":1,"1":1,"2":1,"3":0,"4":0,"5":0,"6":0,"7":0,"8":0,"9":0,"10":0,"11":0,"12":0,"13":1},"f":{"0":0},"b":{"0":[0,0],"1":[0,0]},"_coverageSchema":"1a1c01bbd47fc00a2c39e90264f33305004495a9","hash":"507650f7729317535e5009eced6f39d8445d3596"}
,"C:\\Users\\M.KHANSA\\hacktiv8\\Phase 3\\final project(new)\\m2m-backend\\middleware\\errorHandler.js": {"path":"C:\\Users\\M.KHANSA\\hacktiv8\\Phase 3\\final project(new)\\m2m-backend\\middleware\\errorHandler.js","statementMap":{"0":{"start":{"line":1,"column":20},"end":{"line":1,"column":53}},"1":{"start":{"line":2,"column":30},"end":{"line":2,"column":53}},"2":{"start":{"line":3,"column":28},"end":{"line":3,"column":48}},"3":{"start":{"line":4,"column":21},"end":{"line":26,"column":1}},"4":{"start":{"line":5,"column":2},"end":{"line":9,"column":3}},"5":{"start":{"line":6,"column":4},"end":{"line":8,"column":7}},"6":{"start":{"line":11,"column":2},"end":{"line":15,"column":3}},"7":{"start":{"line":12,"column":4},"end":{"line":14,"column":7}},"8":{"start":{"line":17,"column":2},"end":{"line":21,"column":3}},"9":{"start":{"line":18,"column":4},"end":{"line":20,"column":61}},"10":{"start":{"line":20,"column":46},"end":{"line":20,"column":56}},"11":{"start":{"line":23,"column":2},"end":{"line":25,"column":5}},"12":{"start":{"line":28,"column":0},"end":{"line":28,"column":30}}},"fnMap":{"0":{"name":"(anonymous_0)","decl":{"start":{"line":4,"column":21},"end":{"line":4,"column":22}},"loc":{"start":{"line":4,"column":46},"end":{"line":26,"column":1}},"line":4},"1":{"name":"(anonymous_1)","decl":{"start":{"line":20,"column":38},"end":{"line":20,"column":39}},"loc":{"start":{"line":20,"column":46},"end":{"line":20,"column":56}},"line":20}},"branchMap":{"0":{"loc":{"start":{"line":5,"column":2},"end":{"line":9,"column":3}},"type":"if","locations":[{"start":{"line":5,"column":2},"end":{"line":9,"column":3}},{"start":{},"end":{}}],"line":5},"1":{"loc":{"start":{"line":11,"column":2},"end":{"line":15,"column":3}},"type":"if","locations":[{"start":{"line":11,"column":2},"end":{"line":15,"column":3}},{"start":{},"end":{}}],"line":11},"2":{"loc":{"start":{"line":17,"column":2},"end":{"line":21,"column":3}},"type":"if","locations":[{"start":{"line":17,"column":2},"end":{"line":21,"column":3}},{"start":{},"end":{}}],"line":17}},"s":{"0":1,"1":1,"2":1,"3":1,"4":4,"5":2,"6":2,"7":0,"8":2,"9":2,"10":4,"11":0,"12":1},"f":{"0":4,"1":4},"b":{"0":[2,2],"1":[0,2],"2":[2,0]},"_coverageSchema":"1a1c01bbd47fc00a2c39e90264f33305004495a9","hash":"0bd85f1d1eeff81966e084ae5c59f11ada6cc2af"}
,"C:\\Users\\M.KHANSA\\hacktiv8\\Phase 3\\final project(new)\\m2m-backend\\models\\category.js": {"path":"C:\\Users\\M.KHANSA\\hacktiv8\\Phase 3\\final project(new)\\m2m-backend\\models\\category.js","statementMap":{"0":{"start":{"line":4,"column":4},"end":{"line":4,"column":24}},"1":{"start":{"line":5,"column":0},"end":{"line":26,"column":2}},"2":{"start":{"line":14,"column":6},"end":{"line":14,"column":65}},"3":{"start":{"line":15,"column":6},"end":{"line":15,"column":65}},"4":{"start":{"line":18,"column":2},"end":{"line":24,"column":5}},"5":{"start":{"line":25,"column":2},"end":{"line":25,"column":18}}},"fnMap":{"0":{"name":"(anonymous_0)","decl":{"start":{"line":5,"column":17},"end":{"line":5,"column":18}},"loc":{"start":{"line":5,"column":43},"end":{"line":26,"column":1}},"line":5},"1":{"name":"(anonymous_1)","decl":{"start":{"line":12,"column":4},"end":{"line":12,"column":5}},"loc":{"start":{"line":12,"column":29},"end":{"line":16,"column":5}},"line":12}},"branchMap":{},"s":{"0":1,"1":1,"2":1,"3":1,"4":1,"5":1},"f":{"0":1,"1":1},"b":{},"_coverageSchema":"1a1c01bbd47fc00a2c39e90264f33305004495a9","hash":"5705fb5d893e13a152321467e71c9428f304077c"}
,"C:\\Users\\M.KHANSA\\hacktiv8\\Phase 3\\final project(new)\\m2m-backend\\models\\field.js": {"path":"C:\\Users\\M.KHANSA\\hacktiv8\\Phase 3\\final project(new)\\m2m-backend\\models\\field.js","statementMap":{"0":{"start":{"line":4,"column":4},"end":{"line":4,"column":24}},"1":{"start":{"line":5,"column":0},"end":{"line":33,"column":2}},"2":{"start":{"line":14,"column":6},"end":{"line":14,"column":67}},"3":{"start":{"line":15,"column":6},"end":{"line":15,"column":59}},"4":{"start":{"line":18,"column":2},"end":{"line":31,"column":5}},"5":{"start":{"line":32,"column":2},"end":{"line":32,"column":15}}},"fnMap":{"0":{"name":"(anonymous_0)","decl":{"start":{"line":5,"column":17},"end":{"line":5,"column":18}},"loc":{"start":{"line":5,"column":43},"end":{"line":33,"column":1}},"line":5},"1":{"name":"(anonymous_1)","decl":{"start":{"line":12,"column":4},"end":{"line":12,"column":5}},"loc":{"start":{"line":12,"column":29},"end":{"line":16,"column":5}},"line":12}},"branchMap":{},"s":{"0":1,"1":1,"2":1,"3":1,"4":1,"5":1},"f":{"0":1,"1":1},"b":{},"_coverageSchema":"1a1c01bbd47fc00a2c39e90264f33305004495a9","hash":"8da7227b8cb4eb4d34c4c8dd103e38f58c56ff86"}
,"C:\\Users\\M.KHANSA\\hacktiv8\\Phase 3\\final project(new)\\m2m-backend\\models\\index.js": {"path":"C:\\Users\\M.KHANSA\\hacktiv8\\Phase 3\\final project(new)\\m2m-backend\\models\\index.js","statementMap":{"0":{"start":{"line":3,"column":11},"end":{"line":3,"column":24}},"1":{"start":{"line":4,"column":13},"end":{"line":4,"column":28}},"2":{"start":{"line":5,"column":18},"end":{"line":5,"column":38}},"3":{"start":{"line":6,"column":16},"end":{"line":6,"column":34}},"4":{"start":{"line":7,"column":17},"end":{"line":7,"column":42}},"5":{"start":{"line":8,"column":12},"end":{"line":8,"column":49}},"6":{"start":{"line":9,"column":15},"end":{"line":9,"column":65}},"7":{"start":{"line":10,"column":11},"end":{"line":10,"column":13}},"8":{"start":{"line":13,"column":0},"end":{"line":17,"column":1}},"9":{"start":{"line":14,"column":2},"end":{"line":14,"column":74}},"10":{"start":{"line":16,"column":2},"end":{"line":16,"column":87}},"11":{"start":{"line":19,"column":0},"end":{"line":27,"column":5}},"12":{"start":{"line":22,"column":4},"end":{"line":22,"column":90}},"13":{"start":{"line":25,"column":18},"end":{"line":25,"column":85}},"14":{"start":{"line":26,"column":4},"end":{"line":26,"column":27}},"15":{"start":{"line":29,"column":0},"end":{"line":33,"column":3}},"16":{"start":{"line":30,"column":2},"end":{"line":32,"column":3}},"17":{"start":{"line":31,"column":4},"end":{"line":31,"column":32}},"18":{"start":{"line":35,"column":0},"end":{"line":35,"column":25}},"19":{"start":{"line":36,"column":0},"end":{"line":36,"column":25}},"20":{"start":{"line":38,"column":0},"end":{"line":38,"column":20}}},"fnMap":{"0":{"name":"(anonymous_0)","decl":{"start":{"line":21,"column":10},"end":{"line":21,"column":11}},"loc":{"start":{"line":21,"column":18},"end":{"line":23,"column":3}},"line":21},"1":{"name":"(anonymous_1)","decl":{"start":{"line":24,"column":11},"end":{"line":24,"column":12}},"loc":{"start":{"line":24,"column":19},"end":{"line":27,"column":3}},"line":24},"2":{"name":"(anonymous_2)","decl":{"start":{"line":29,"column":24},"end":{"line":29,"column":25}},"loc":{"start":{"line":29,"column":37},"end":{"line":33,"column":1}},"line":29}},"branchMap":{"0":{"loc":{"start":{"line":8,"column":12},"end":{"line":8,"column":49}},"type":"binary-expr","locations":[{"start":{"line":8,"column":12},"end":{"line":8,"column":32}},{"start":{"line":8,"column":36},"end":{"line":8,"column":49}}],"line":8},"1":{"loc":{"start":{"line":13,"column":0},"end":{"line":17,"column":1}},"type":"if","locations":[{"start":{"line":13,"column":0},"end":{"line":17,"column":1}},{"start":{"line":15,"column":7},"end":{"line":17,"column":1}}],"line":13},"2":{"loc":{"start":{"line":22,"column":11},"end":{"line":22,"column":89}},"type":"binary-expr","locations":[{"start":{"line":22,"column":12},"end":{"line":22,"column":35}},{"start":{"line":22,"column":41},"end":{"line":22,"column":58}},{"start":{"line":22,"column":64},"end":{"line":22,"column":88}}],"line":22},"3":{"loc":{"start":{"line":30,"column":2},"end":{"line":32,"column":3}},"type":"if","locations":[{"start":{"line":30,"column":2},"end":{"line":32,"column":3}},{"start":{},"end":{}}],"line":30}},"s":{"0":1,"1":1,"2":1,"3":1,"4":1,"5":1,"6":1,"7":1,"8":1,"9":0,"10":1,"11":1,"12":6,"13":5,"14":5,"15":1,"16":5,"17":5,"18":1,"19":1,"20":1},"f":{"0":6,"1":5,"2":5},"b":{"0":[1,0],"1":[0,1],"2":[6,6,5],"3":[5,0]},"_coverageSchema":"1a1c01bbd47fc00a2c39e90264f33305004495a9","hash":"3221b62078c6a0491328baca2f63a42e07ab1ad7"}
,"C:\\Users\\M.KHANSA\\hacktiv8\\Phase 3\\final project(new)\\m2m-backend\\models\\match.js": {"path":"C:\\Users\\M.KHANSA\\hacktiv8\\Phase 3\\final project(new)\\m2m-backend\\models\\match.js","statementMap":{"0":{"start":{"line":2,"column":18},"end":{"line":2,"column":38}},"1":{"start":{"line":3,"column":0},"end":{"line":74,"column":2}},"2":{"start":{"line":12,"column":6},"end":{"line":12,"column":67}},"3":{"start":{"line":13,"column":6},"end":{"line":13,"column":61}},"4":{"start":{"line":14,"column":6},"end":{"line":14,"column":63}},"5":{"start":{"line":15,"column":6},"end":{"line":15,"column":69}},"6":{"start":{"line":18,"column":2},"end":{"line":72,"column":4}},"7":{"start":{"line":73,"column":2},"end":{"line":73,"column":15}}},"fnMap":{"0":{"name":"(anonymous_0)","decl":{"start":{"line":3,"column":17},"end":{"line":3,"column":18}},"loc":{"start":{"line":3,"column":43},"end":{"line":74,"column":1}},"line":3},"1":{"name":"(anonymous_1)","decl":{"start":{"line":10,"column":4},"end":{"line":10,"column":5}},"loc":{"start":{"line":10,"column":29},"end":{"line":16,"column":5}},"line":10}},"branchMap":{},"s":{"0":1,"1":1,"2":1,"3":1,"4":1,"5":1,"6":1,"7":1},"f":{"0":1,"1":1},"b":{},"_coverageSchema":"1a1c01bbd47fc00a2c39e90264f33305004495a9","hash":"762246bb9d3a856ffd0dbfd758ebce80954d822b"}
,"C:\\Users\\M.KHANSA\\hacktiv8\\Phase 3\\final project(new)\\m2m-backend\\models\\matchdetail.js": {"path":"C:\\Users\\M.KHANSA\\hacktiv8\\Phase 3\\final project(new)\\m2m-backend\\models\\matchdetail.js","statementMap":{"0":{"start":{"line":4,"column":4},"end":{"line":4,"column":24}},"1":{"start":{"line":5,"column":0},"end":{"line":27,"column":2}},"2":{"start":{"line":14,"column":6},"end":{"line":14,"column":65}},"3":{"start":{"line":15,"column":6},"end":{"line":15,"column":67}},"4":{"start":{"line":18,"column":2},"end":{"line":25,"column":5}},"5":{"start":{"line":26,"column":2},"end":{"line":26,"column":21}}},"fnMap":{"0":{"name":"(anonymous_0)","decl":{"start":{"line":5,"column":17},"end":{"line":5,"column":18}},"loc":{"start":{"line":5,"column":43},"end":{"line":27,"column":1}},"line":5},"1":{"name":"(anonymous_1)","decl":{"start":{"line":12,"column":4},"end":{"line":12,"column":5}},"loc":{"start":{"line":12,"column":29},"end":{"line":16,"column":5}},"line":12}},"branchMap":{},"s":{"0":1,"1":1,"2":1,"3":1,"4":1,"5":1},"f":{"0":1,"1":1},"b":{},"_coverageSchema":"1a1c01bbd47fc00a2c39e90264f33305004495a9","hash":"7fb0c6c684cbcc74920d69fa995977cdef84898c"}
,"C:\\Users\\M.KHANSA\\hacktiv8\\Phase 3\\final project(new)\\m2m-backend\\models\\user.js": {"path":"C:\\Users\\M.KHANSA\\hacktiv8\\Phase 3\\final project(new)\\m2m-backend\\models\\user.js","statementMap":{"0":{"start":{"line":2,"column":18},"end":{"line":2,"column":38}},"1":{"start":{"line":3,"column":25},"end":{"line":3,"column":53}},"2":{"start":{"line":5,"column":0},"end":{"line":84,"column":2}},"3":{"start":{"line":14,"column":6},"end":{"line":14,"column":65}},"4":{"start":{"line":15,"column":6},"end":{"line":15,"column":59}},"5":{"start":{"line":18,"column":2},"end":{"line":78,"column":4}},"6":{"start":{"line":80,"column":2},"end":{"line":82,"column":5}},"7":{"start":{"line":81,"column":4},"end":{"line":81,"column":48}},"8":{"start":{"line":83,"column":2},"end":{"line":83,"column":14}}},"fnMap":{"0":{"name":"(anonymous_0)","decl":{"start":{"line":5,"column":17},"end":{"line":5,"column":18}},"loc":{"start":{"line":5,"column":43},"end":{"line":84,"column":1}},"line":5},"1":{"name":"(anonymous_1)","decl":{"start":{"line":12,"column":4},"end":{"line":12,"column":5}},"loc":{"start":{"line":12,"column":29},"end":{"line":16,"column":5}},"line":12},"2":{"name":"(anonymous_2)","decl":{"start":{"line":80,"column":20},"end":{"line":80,"column":21}},"loc":{"start":{"line":80,"column":38},"end":{"line":82,"column":3}},"line":80}},"branchMap":{},"s":{"0":1,"1":1,"2":1,"3":1,"4":1,"5":1,"6":1,"7":1,"8":1},"f":{"0":1,"1":1,"2":1},"b":{},"_coverageSchema":"1a1c01bbd47fc00a2c39e90264f33305004495a9","hash":"5756b6aed2bab260ccc78fde9ec01f2001fc88ce"}
,"C:\\Users\\M.KHANSA\\hacktiv8\\Phase 3\\final project(new)\\m2m-backend\\routes\\fieldRoute.js": {"path":"C:\\Users\\M.KHANSA\\hacktiv8\\Phase 3\\final project(new)\\m2m-backend\\routes\\fieldRoute.js","statementMap":{"0":{"start":{"line":1,"column":24},"end":{"line":1,"column":56}},"1":{"start":{"line":2,"column":15},"end":{"line":2,"column":42}},"2":{"start":{"line":4,"column":0},"end":{"line":4,"column":49}},"3":{"start":{"line":6,"column":0},"end":{"line":6,"column":24}}},"fnMap":{},"branchMap":{},"s":{"0":1,"1":1,"2":1,"3":1},"f":{},"b":{},"_coverageSchema":"1a1c01bbd47fc00a2c39e90264f33305004495a9","hash":"a96f9be8abd26c1b78ceab32392054a23e48d614"}
,"C:\\Users\\M.KHANSA\\hacktiv8\\Phase 3\\final project(new)\\m2m-backend\\routes\\index.js": {"path":"C:\\Users\\M.KHANSA\\hacktiv8\\Phase 3\\final project(new)\\m2m-backend\\routes\\index.js","statementMap":{"0":{"start":{"line":1,"column":15},"end":{"line":1,"column":42}},"1":{"start":{"line":2,"column":19},"end":{"line":2,"column":41}},"2":{"start":{"line":3,"column":20},"end":{"line":3,"column":43}},"3":{"start":{"line":4,"column":20},"end":{"line":4,"column":43}},"4":{"start":{"line":5,"column":21},"end":{"line":5,"column":58}},"5":{"start":{"line":7,"column":0},"end":{"line":7,"column":23}},"6":{"start":{"line":8,"column":0},"end":{"line":8,"column":24}},"7":{"start":{"line":9,"column":0},"end":{"line":9,"column":24}},"8":{"start":{"line":10,"column":0},"end":{"line":10,"column":25}},"9":{"start":{"line":11,"column":0},"end":{"line":11,"column":24}}},"fnMap":{},"branchMap":{},"s":{"0":1,"1":1,"2":1,"3":1,"4":1,"5":1,"6":1,"7":1,"8":1,"9":1},"f":{},"b":{},"_coverageSchema":"1a1c01bbd47fc00a2c39e90264f33305004495a9","hash":"7a59bea59fa796ff4fb64d5417bd1f1c4539dbb7"}
,"C:\\Users\\M.KHANSA\\hacktiv8\\Phase 3\\final project(new)\\m2m-backend\\routes\\matchRoute.js": {"path":"C:\\Users\\M.KHANSA\\hacktiv8\\Phase 3\\final project(new)\\m2m-backend\\routes\\matchRoute.js","statementMap":{"0":{"start":{"line":1,"column":24},"end":{"line":1,"column":55}},"1":{"start":{"line":2,"column":15},"end":{"line":2,"column":42}},"2":{"start":{"line":3,"column":20},"end":{"line":3,"column":56}},"3":{"start":{"line":5,"column":0},"end":{"line":5,"column":24}},"4":{"start":{"line":6,"column":0},"end":{"line":6,"column":50}},"5":{"start":{"line":7,"column":0},"end":{"line":7,"column":64}},"6":{"start":{"line":8,"column":0},"end":{"line":8,"column":54}},"7":{"start":{"line":9,"column":0},"end":{"line":9,"column":64}},"8":{"start":{"line":10,"column":0},"end":{"line":10,"column":67}},"9":{"start":{"line":11,"column":0},"end":{"line":11,"column":86}},"10":{"start":{"line":12,"column":0},"end":{"line":12,"column":111}},"11":{"start":{"line":14,"column":0},"end":{"line":14,"column":24}}},"fnMap":{},"branchMap":{},"s":{"0":1,"1":1,"2":1,"3":1,"4":1,"5":1,"6":1,"7":1,"8":1,"9":1,"10":1,"11":1},"f":{},"b":{},"_coverageSchema":"1a1c01bbd47fc00a2c39e90264f33305004495a9","hash":"3f45cb86869614344f93fe6320d6fbce93f5943d"}
,"C:\\Users\\M.KHANSA\\hacktiv8\\Phase 3\\final project(new)\\m2m-backend\\routes\\userRoute.js": {"path":"C:\\Users\\M.KHANSA\\hacktiv8\\Phase 3\\final project(new)\\m2m-backend\\routes\\userRoute.js","statementMap":{"0":{"start":{"line":1,"column":23},"end":{"line":1,"column":53}},"1":{"start":{"line":3,"column":15},"end":{"line":3,"column":42}},"2":{"start":{"line":5,"column":0},"end":{"line":5,"column":44}},"3":{"start":{"line":6,"column":0},"end":{"line":6,"column":50}},"4":{"start":{"line":7,"column":0},"end":{"line":7,"column":24}}},"fnMap":{},"branchMap":{},"s":{"0":1,"1":1,"2":1,"3":1,"4":1},"f":{},"b":{},"_coverageSchema":"1a1c01bbd47fc00a2c39e90264f33305004495a9","hash":"f9454af5646872cc07b09f612d50c6b9c93f95df"}
}
