{"C:\\Users\\M.KHANSA\\hacktiv8\\Phase 3\\final project(new)\\m2m-backend\\app.js": {"path":"C:\\Users\\M.KHANSA\\hacktiv8\\Phase 3\\final project(new)\\m2m-backend\\app.js","statementMap":{"0":{"start":{"line":1,"column":0},"end":{"line":3,"column":1}},"1":{"start":{"line":2,"column":2},"end":{"line":2,"column":29}},"2":{"start":{"line":4,"column":16},"end":{"line":4,"column":34}},"3":{"start":{"line":5,"column":12},"end":{"line":5,"column":21}},"4":{"start":{"line":6,"column":13},"end":{"line":6,"column":28}},"5":{"start":{"line":8,"column":15},"end":{"line":8,"column":34}},"6":{"start":{"line":10,"column":0},"end":{"line":10,"column":16}},"7":{"start":{"line":11,"column":0},"end":{"line":11,"column":24}},"8":{"start":{"line":12,"column":0},"end":{"line":12,"column":49}},"9":{"start":{"line":13,"column":0},"end":{"line":13,"column":16}},"10":{"start":{"line":15,"column":0},"end":{"line":15,"column":21}}},"fnMap":{},"branchMap":{"0":{"loc":{"start":{"line":1,"column":0},"end":{"line":3,"column":1}},"type":"if","locations":[{"start":{"line":1,"column":0},"end":{"line":3,"column":1}},{"start":{},"end":{}}],"line":1}},"s":{"0":4,"1":4,"2":4,"3":4,"4":4,"5":4,"6":4,"7":4,"8":4,"9":4,"10":4},"f":{},"b":{"0":[4,0]},"_coverageSchema":"1a1c01bbd47fc00a2c39e90264f33305004495a9","hash":"eedccb31aa0421724cfd9fdd933de9b7ffdc0ea1"}
,"C:\\Users\\M.KHANSA\\hacktiv8\\Phase 3\\final project(new)\\m2m-backend\\controllers\\category.js": {"path":"C:\\Users\\M.KHANSA\\hacktiv8\\Phase 3\\final project(new)\\m2m-backend\\controllers\\category.js","statementMap":{"0":{"start":{"line":1,"column":19},"end":{"line":1,"column":39}},"1":{"start":{"line":5,"column":4},"end":{"line":10,"column":5}},"2":{"start":{"line":6,"column":25},"end":{"line":6,"column":49}},"3":{"start":{"line":7,"column":6},"end":{"line":7,"column":39}},"4":{"start":{"line":9,"column":6},"end":{"line":9,"column":14}},"5":{"start":{"line":14,"column":0},"end":{"line":14,"column":36}}},"fnMap":{"0":{"name":"(anonymous_0)","decl":{"start":{"line":4,"column":2},"end":{"line":4,"column":3}},"loc":{"start":{"line":4,"column":37},"end":{"line":11,"column":3}},"line":4}},"branchMap":{},"s":{"0":4,"1":2,"2":2,"3":2,"4":0,"5":4},"f":{"0":2},"b":{},"_coverageSchema":"1a1c01bbd47fc00a2c39e90264f33305004495a9","hash":"5aed00cddc077ee5c364fccfbe528963bb28c55e"}
,"C:\\Users\\M.KHANSA\\hacktiv8\\Phase 3\\final project(new)\\m2m-backend\\controllers\\fields.js": {"path":"C:\\Users\\M.KHANSA\\hacktiv8\\Phase 3\\final project(new)\\m2m-backend\\controllers\\fields.js","statementMap":{"0":{"start":{"line":1,"column":28},"end":{"line":1,"column":48}},"1":{"start":{"line":5,"column":4},"end":{"line":10,"column":5}},"2":{"start":{"line":6,"column":21},"end":{"line":6,"column":63}},"3":{"start":{"line":7,"column":6},"end":{"line":7,"column":35}},"4":{"start":{"line":9,"column":6},"end":{"line":9,"column":13}},"5":{"start":{"line":14,"column":0},"end":{"line":14,"column":33}}},"fnMap":{"0":{"name":"(anonymous_0)","decl":{"start":{"line":4,"column":2},"end":{"line":4,"column":3}},"loc":{"start":{"line":4,"column":41},"end":{"line":11,"column":3}},"line":4}},"branchMap":{},"s":{"0":4,"1":1,"2":1,"3":1,"4":0,"5":4},"f":{"0":1},"b":{},"_coverageSchema":"1a1c01bbd47fc00a2c39e90264f33305004495a9","hash":"0c309ee9692fc0ff8fe564e8e958be1127b594dd"}
,"C:\\Users\\M.KHANSA\\hacktiv8\\Phase 3\\final project(new)\\m2m-backend\\controllers\\match.js": {"path":"C:\\Users\\M.KHANSA\\hacktiv8\\Phase 3\\final project(new)\\m2m-backend\\controllers\\match.js","statementMap":{"0":{"start":{"line":8,"column":4},"end":{"line":8,"column":24}},"1":{"start":{"line":9,"column":13},"end":{"line":9,"column":33}},"2":{"start":{"line":10,"column":20},"end":{"line":10,"column":53}},"3":{"start":{"line":14,"column":4},"end":{"line":48,"column":5}},"4":{"start":{"line":15,"column":19},"end":{"line":15,"column":30}},"5":{"start":{"line":27,"column":10},"end":{"line":27,"column":18}},"6":{"start":{"line":29,"column":23},"end":{"line":42,"column":8}},"7":{"start":{"line":43,"column":6},"end":{"line":45,"column":76}},"8":{"start":{"line":47,"column":6},"end":{"line":47,"column":18}},"9":{"start":{"line":52,"column":4},"end":{"line":75,"column":5}},"10":{"start":{"line":53,"column":19},"end":{"line":53,"column":30}},"11":{"start":{"line":55,"column":24},"end":{"line":55,"column":34}},"12":{"start":{"line":56,"column":28},"end":{"line":56,"column":57}},"13":{"start":{"line":57,"column":6},"end":{"line":59,"column":7}},"14":{"start":{"line":58,"column":8},"end":{"line":58,"column":66}},"15":{"start":{"line":60,"column":6},"end":{"line":66,"column":7}},"16":{"start":{"line":61,"column":8},"end":{"line":65,"column":10}},"17":{"start":{"line":67,"column":6},"end":{"line":69,"column":9}},"18":{"start":{"line":70,"column":6},"end":{"line":72,"column":74}},"19":{"start":{"line":74,"column":6},"end":{"line":74,"column":18}},"20":{"start":{"line":79,"column":4},"end":{"line":122,"column":5}},"21":{"start":{"line":80,"column":51},"end":{"line":80,"column":60}},"22":{"start":{"line":82,"column":6},"end":{"line":83,"column":61}},"23":{"start":{"line":83,"column":8},"end":{"line":83,"column":61}},"24":{"start":{"line":85,"column":26},"end":{"line":85,"column":28}},"25":{"start":{"line":87,"column":6},"end":{"line":117,"column":7}},"26":{"start":{"line":88,"column":8},"end":{"line":99,"column":11}},"27":{"start":{"line":101,"column":8},"end":{"line":105,"column":9}},"28":{"start":{"line":102,"column":10},"end":{"line":102,"column":46}},"29":{"start":{"line":104,"column":10},"end":{"line":104,"column":77}},"30":{"start":{"line":107,"column":8},"end":{"line":109,"column":9}},"31":{"start":{"line":108,"column":10},"end":{"line":108,"column":62}},"32":{"start":{"line":111,"column":8},"end":{"line":113,"column":9}},"33":{"start":{"line":112,"column":10},"end":{"line":112,"column":52}},"34":{"start":{"line":115,"column":8},"end":{"line":115,"column":49}},"35":{"start":{"line":116,"column":8},"end":{"line":116,"column":126}},"36":{"start":{"line":119,"column":6},"end":{"line":119,"column":36}},"37":{"start":{"line":121,"column":6},"end":{"line":121,"column":14}},"38":{"start":{"line":126,"column":4},"end":{"line":159,"column":5}},"39":{"start":{"line":127,"column":24},"end":{"line":127,"column":34}},"40":{"start":{"line":128,"column":20},"end":{"line":155,"column":8}},"41":{"start":{"line":156,"column":6},"end":{"line":156,"column":34}},"42":{"start":{"line":158,"column":6},"end":{"line":158,"column":14}},"43":{"start":{"line":163,"column":4},"end":{"line":187,"column":5}},"44":{"start":{"line":164,"column":33},"end":{"line":164,"column":43}},"45":{"start":{"line":165,"column":27},"end":{"line":165,"column":35}},"46":{"start":{"line":166,"column":21},"end":{"line":166,"column":22}},"47":{"start":{"line":168,"column":31},"end":{"line":175,"column":8}},"48":{"start":{"line":177,"column":6},"end":{"line":182,"column":10}},"49":{"start":{"line":178,"column":8},"end":{"line":182,"column":10}},"50":{"start":{"line":184,"column":6},"end":{"line":184,"column":34}},"51":{"start":{"line":186,"column":6},"end":{"line":186,"column":14}},"52":{"start":{"line":191,"column":4},"end":{"line":214,"column":5}},"53":{"start":{"line":192,"column":33},"end":{"line":192,"column":43}},"54":{"start":{"line":193,"column":19},"end":{"line":193,"column":27}},"55":{"start":{"line":195,"column":20},"end":{"line":195,"column":49}},"56":{"start":{"line":196,"column":6},"end":{"line":197,"column":61}},"57":{"start":{"line":197,"column":8},"end":{"line":197,"column":61}},"58":{"start":{"line":199,"column":21},"end":{"line":210,"column":8}},"59":{"start":{"line":211,"column":6},"end":{"line":211,"column":35}},"60":{"start":{"line":213,"column":6},"end":{"line":213,"column":14}},"61":{"start":{"line":218,"column":4},"end":{"line":247,"column":5}},"62":{"start":{"line":219,"column":23},"end":{"line":219,"column":31}},"63":{"start":{"line":220,"column":56},"end":{"line":220,"column":66}},"64":{"start":{"line":223,"column":6},"end":{"line":231,"column":8}},"65":{"start":{"line":232,"column":6},"end":{"line":240,"column":7}},"66":{"start":{"line":233,"column":8},"end":{"line":233,"column":83}},"67":{"start":{"line":234,"column":8},"end":{"line":237,"column":10}},"68":{"start":{"line":239,"column":8},"end":{"line":239,"column":83}},"69":{"start":{"line":242,"column":6},"end":{"line":244,"column":9}},"70":{"start":{"line":246,"column":6},"end":{"line":246,"column":14}},"71":{"start":{"line":251,"column":0},"end":{"line":251,"column":33}}},"fnMap":{"0":{"name":"(anonymous_0)","decl":{"start":{"line":13,"column":2},"end":{"line":13,"column":3}},"loc":{"start":{"line":13,"column":40},"end":{"line":49,"column":3}},"line":13},"1":{"name":"(anonymous_1)","decl":{"start":{"line":51,"column":2},"end":{"line":51,"column":3}},"loc":{"start":{"line":51,"column":43},"end":{"line":76,"column":3}},"line":51},"2":{"name":"(anonymous_2)","decl":{"start":{"line":78,"column":2},"end":{"line":78,"column":3}},"loc":{"start":{"line":78,"column":45},"end":{"line":123,"column":3}},"line":78},"3":{"name":"(anonymous_3)","decl":{"start":{"line":125,"column":2},"end":{"line":125,"column":3}},"loc":{"start":{"line":125,"column":46},"end":{"line":160,"column":3}},"line":125},"4":{"name":"(anonymous_4)","decl":{"start":{"line":162,"column":2},"end":{"line":162,"column":3}},"loc":{"start":{"line":162,"column":43},"end":{"line":188,"column":3}},"line":162},"5":{"name":"(anonymous_5)","decl":{"start":{"line":190,"column":2},"end":{"line":190,"column":3}},"loc":{"start":{"line":190,"column":55},"end":{"line":215,"column":3}},"line":190},"6":{"name":"(anonymous_6)","decl":{"start":{"line":217,"column":2},"end":{"line":217,"column":3}},"loc":{"start":{"line":217,"column":63},"end":{"line":248,"column":3}},"line":217}},"branchMap":{"0":{"loc":{"start":{"line":57,"column":6},"end":{"line":59,"column":7}},"type":"if","locations":[{"start":{"line":57,"column":6},"end":{"line":59,"column":7}},{"start":{},"end":{}}],"line":57},"1":{"loc":{"start":{"line":60,"column":6},"end":{"line":66,"column":7}},"type":"if","locations":[{"start":{"line":60,"column":6},"end":{"line":66,"column":7}},{"start":{},"end":{}}],"line":60},"2":{"loc":{"start":{"line":82,"column":6},"end":{"line":83,"column":61}},"type":"if","locations":[{"start":{"line":82,"column":6},"end":{"line":83,"column":61}},{"start":{},"end":{}}],"line":82},"3":{"loc":{"start":{"line":82,"column":10},"end":{"line":82,"column":66}},"type":"binary-expr","locations":[{"start":{"line":82,"column":10},"end":{"line":82,"column":24}},{"start":{"line":82,"column":28},"end":{"line":82,"column":66}}],"line":82},"4":{"loc":{"start":{"line":87,"column":6},"end":{"line":117,"column":7}},"type":"if","locations":[{"start":{"line":87,"column":6},"end":{"line":117,"column":7}},{"start":{"line":100,"column":13},"end":{"line":117,"column":7}}],"line":87},"5":{"loc":{"start":{"line":101,"column":8},"end":{"line":105,"column":9}},"type":"if","locations":[{"start":{"line":101,"column":8},"end":{"line":105,"column":9}},{"start":{"line":103,"column":15},"end":{"line":105,"column":9}}],"line":101},"6":{"loc":{"start":{"line":107,"column":8},"end":{"line":109,"column":9}},"type":"if","locations":[{"start":{"line":107,"column":8},"end":{"line":109,"column":9}},{"start":{},"end":{}}],"line":107},"7":{"loc":{"start":{"line":111,"column":8},"end":{"line":113,"column":9}},"type":"if","locations":[{"start":{"line":111,"column":8},"end":{"line":113,"column":9}},{"start":{},"end":{}}],"line":111},"8":{"loc":{"start":{"line":177,"column":6},"end":{"line":182,"column":10}},"type":"if","locations":[{"start":{"line":177,"column":6},"end":{"line":182,"column":10}},{"start":{},"end":{}}],"line":177},"9":{"loc":{"start":{"line":196,"column":6},"end":{"line":197,"column":61}},"type":"if","locations":[{"start":{"line":196,"column":6},"end":{"line":197,"column":61}},{"start":{},"end":{}}],"line":196},"10":{"loc":{"start":{"line":232,"column":6},"end":{"line":240,"column":7}},"type":"if","locations":[{"start":{"line":232,"column":6},"end":{"line":240,"column":7}},{"start":{"line":238,"column":13},"end":{"line":240,"column":7}}],"line":232}},"s":{"0":4,"1":4,"2":4,"3":0,"4":0,"5":0,"6":0,"7":0,"8":0,"9":0,"10":0,"11":0,"12":0,"13":0,"14":0,"15":0,"16":0,"17":0,"18":0,"19":0,"20":7,"21":7,"22":7,"23":1,"24":6,"25":6,"26":2,"27":4,"28":1,"29":3,"30":4,"31":1,"32":4,"33":1,"34":4,"35":4,"36":5,"37":2,"38":1,"39":1,"40":1,"41":1,"42":0,"43":2,"44":2,"45":2,"46":2,"47":2,"48":2,"49":1,"50":1,"51":1,"52":2,"53":2,"54":2,"55":2,"56":2,"57":1,"58":1,"59":1,"60":1,"61":2,"62":2,"63":2,"64":2,"65":2,"66":1,"67":1,"68":1,"69":2,"70":0,"71":4},"f":{"0":0,"1":0,"2":7,"3":1,"4":2,"5":2,"6":2},"b":{"0":[0,0],"1":[0,0],"2":[1,6],"3":[7,3],"4":[2,4],"5":[1,3],"6":[1,3],"7":[1,3],"8":[1,1],"9":[1,1],"10":[1,1]},"_coverageSchema":"1a1c01bbd47fc00a2c39e90264f33305004495a9","hash":"5752cfff8207ae268c22b71c44f84c2890ba629b"}
,"C:\\Users\\M.KHANSA\\hacktiv8\\Phase 3\\final project(new)\\m2m-backend\\controllers\\user.js": {"path":"C:\\Users\\M.KHANSA\\hacktiv8\\Phase 3\\final project(new)\\m2m-backend\\controllers\\user.js","statementMap":{"0":{"start":{"line":1,"column":28},"end":{"line":1,"column":56}},"1":{"start":{"line":2,"column":20},"end":{"line":2,"column":53}},"2":{"start":{"line":3,"column":24},"end":{"line":3,"column":49}},"3":{"start":{"line":4,"column":17},"end":{"line":4,"column":37}},"4":{"start":{"line":8,"column":4},"end":{"line":23,"column":5}},"5":{"start":{"line":9,"column":34},"end":{"line":9,"column":42}},"6":{"start":{"line":10,"column":22},"end":{"line":10,"column":62}},"7":{"start":{"line":11,"column":6},"end":{"line":13,"column":7}},"8":{"start":{"line":12,"column":8},"end":{"line":12,"column":76}},"9":{"start":{"line":14,"column":27},"end":{"line":14,"column":70}},"10":{"start":{"line":15,"column":6},"end":{"line":17,"column":7}},"11":{"start":{"line":16,"column":8},"end":{"line":16,"column":76}},"12":{"start":{"line":18,"column":22},"end":{"line":18,"column":40}},"13":{"start":{"line":19,"column":27},"end":{"line":19,"column":47}},"14":{"start":{"line":20,"column":6},"end":{"line":20,"column":61}},"15":{"start":{"line":22,"column":6},"end":{"line":22,"column":18}},"16":{"start":{"line":27,"column":4},"end":{"line":36,"column":5}},"17":{"start":{"line":28,"column":45},"end":{"line":28,"column":53}},"18":{"start":{"line":30,"column":27},"end":{"line":30,"column":76}},"19":{"start":{"line":31,"column":6},"end":{"line":33,"column":9}},"20":{"start":{"line":35,"column":6},"end":{"line":35,"column":18}},"21":{"start":{"line":40,"column":0},"end":{"line":40,"column":32}}},"fnMap":{"0":{"name":"(anonymous_0)","decl":{"start":{"line":7,"column":2},"end":{"line":7,"column":3}},"loc":{"start":{"line":7,"column":37},"end":{"line":24,"column":3}},"line":7},"1":{"name":"(anonymous_1)","decl":{"start":{"line":26,"column":2},"end":{"line":26,"column":3}},"loc":{"start":{"line":26,"column":40},"end":{"line":37,"column":3}},"line":26}},"branchMap":{"0":{"loc":{"start":{"line":11,"column":6},"end":{"line":13,"column":7}},"type":"if","locations":[{"start":{"line":11,"column":6},"end":{"line":13,"column":7}},{"start":{},"end":{}}],"line":11},"1":{"loc":{"start":{"line":15,"column":6},"end":{"line":17,"column":7}},"type":"if","locations":[{"start":{"line":15,"column":6},"end":{"line":17,"column":7}},{"start":{},"end":{}}],"line":15}},"s":{"0":4,"1":4,"2":4,"3":4,"4":3,"5":3,"6":3,"7":3,"8":1,"9":2,"10":2,"11":1,"12":1,"13":1,"14":1,"15":2,"16":3,"17":3,"18":3,"19":1,"20":2,"21":4},"f":{"0":3,"1":3},"b":{"0":[1,2],"1":[1,1]},"_coverageSchema":"1a1c01bbd47fc00a2c39e90264f33305004495a9","hash":"74d0d19b224955ccf77e188bcfd2cd3cb7968ef2"}
,"C:\\Users\\M.KHANSA\\hacktiv8\\Phase 3\\final project(new)\\m2m-backend\\helpers\\bcrypt.js": {"path":"C:\\Users\\M.KHANSA\\hacktiv8\\Phase 3\\final project(new)\\m2m-backend\\helpers\\bcrypt.js","statementMap":{"0":{"start":{"line":1,"column":15},"end":{"line":1,"column":34}},"1":{"start":{"line":4,"column":2},"end":{"line":4,"column":39}},"2":{"start":{"line":8,"column":2},"end":{"line":8,"column":52}},"3":{"start":{"line":11,"column":0},"end":{"line":11,"column":51}}},"fnMap":{"0":{"name":"hashPassword","decl":{"start":{"line":3,"column":9},"end":{"line":3,"column":21}},"loc":{"start":{"line":3,"column":32},"end":{"line":5,"column":1}},"line":3},"1":{"name":"comparePassword","decl":{"start":{"line":7,"column":9},"end":{"line":7,"column":24}},"loc":{"start":{"line":7,"column":49},"end":{"line":9,"column":1}},"line":7}},"branchMap":{},"s":{"0":4,"1":5,"2":2,"3":4},"f":{"0":5,"1":2},"b":{},"_coverageSchema":"1a1c01bbd47fc00a2c39e90264f33305004495a9","hash":"09f94c340f2a5b716ee2e71f5210b51315e9b5b4"}
,"C:\\Users\\M.KHANSA\\hacktiv8\\Phase 3\\final project(new)\\m2m-backend\\helpers\\customError.js": {"path":"C:\\Users\\M.KHANSA\\hacktiv8\\Phase 3\\final project(new)\\m2m-backend\\helpers\\customError.js","statementMap":{"0":{"start":{"line":3,"column":4},"end":{"line":3,"column":19}},"1":{"start":{"line":4,"column":4},"end":{"line":4,"column":21}},"2":{"start":{"line":5,"column":4},"end":{"line":5,"column":24}},"3":{"start":{"line":9,"column":0},"end":{"line":9,"column":29}}},"fnMap":{"0":{"name":"(anonymous_0)","decl":{"start":{"line":2,"column":2},"end":{"line":2,"column":3}},"loc":{"start":{"line":2,"column":37},"end":{"line":6,"column":3}},"line":2}},"branchMap":{},"s":{"0":6,"1":6,"2":6,"3":4},"f":{"0":6},"b":{},"_coverageSchema":"1a1c01bbd47fc00a2c39e90264f33305004495a9","hash":"d4d31c8a30fbf6b2d7894950213400ec9dc806d6"}
,"C:\\Users\\M.KHANSA\\hacktiv8\\Phase 3\\final project(new)\\m2m-backend\\helpers\\jwt.js": {"path":"C:\\Users\\M.KHANSA\\hacktiv8\\Phase 3\\final project(new)\\m2m-backend\\helpers\\jwt.js","statementMap":{"0":{"start":{"line":1,"column":12},"end":{"line":1,"column":35}},"1":{"start":{"line":4,"column":2},"end":{"line":4,"column":50}},"2":{"start":{"line":8,"column":2},"end":{"line":8,"column":50}},"3":{"start":{"line":11,"column":0},"end":{"line":11,"column":46}}},"fnMap":{"0":{"name":"createToken","decl":{"start":{"line":3,"column":9},"end":{"line":3,"column":20}},"loc":{"start":{"line":3,"column":30},"end":{"line":5,"column":1}},"line":3},"1":{"name":"verifyToken","decl":{"start":{"line":7,"column":9},"end":{"line":7,"column":20}},"loc":{"start":{"line":7,"column":28},"end":{"line":9,"column":1}},"line":7}},"branchMap":{},"s":{"0":4,"1":4,"2":16,"3":4},"f":{"0":4,"1":16},"b":{},"_coverageSchema":"1a1c01bbd47fc00a2c39e90264f33305004495a9","hash":"0a26d28a20f05352ba2a8c656394ed40ce46f2e5"}
,"C:\\Users\\M.KHANSA\\hacktiv8\\Phase 3\\final project(new)\\m2m-backend\\middleware\\authHandler.js": {"path":"C:\\Users\\M.KHANSA\\hacktiv8\\Phase 3\\final project(new)\\m2m-backend\\middleware\\authHandler.js","statementMap":{"0":{"start":{"line":1,"column":20},"end":{"line":1,"column":53}},"1":{"start":{"line":2,"column":22},"end":{"line":2,"column":47}},"2":{"start":{"line":4,"column":20},"end":{"line":18,"column":1}},"3":{"start":{"line":5,"column":2},"end":{"line":17,"column":3}},"4":{"start":{"line":6,"column":27},"end":{"line":6,"column":38}},"5":{"start":{"line":7,"column":4},"end":{"line":7,"column":82}},"6":{"start":{"line":7,"column":23},"end":{"line":7,"column":82}},"7":{"start":{"line":9,"column":25},"end":{"line":9,"column":50}},"8":{"start":{"line":11,"column":4},"end":{"line":11,"column":81}},"9":{"start":{"line":11,"column":22},"end":{"line":11,"column":81}},"10":{"start":{"line":13,"column":4},"end":{"line":13,"column":37}},"11":{"start":{"line":14,"column":4},"end":{"line":14,"column":11}},"12":{"start":{"line":16,"column":4},"end":{"line":16,"column":12}},"13":{"start":{"line":20,"column":0},"end":{"line":20,"column":29}}},"fnMap":{"0":{"name":"(anonymous_0)","decl":{"start":{"line":4,"column":20},"end":{"line":4,"column":21}},"loc":{"start":{"line":4,"column":40},"end":{"line":18,"column":1}},"line":4}},"branchMap":{"0":{"loc":{"start":{"line":7,"column":4},"end":{"line":7,"column":82}},"type":"if","locations":[{"start":{"line":7,"column":4},"end":{"line":7,"column":82}},{"start":{},"end":{}}],"line":7},"1":{"loc":{"start":{"line":11,"column":4},"end":{"line":11,"column":81}},"type":"if","locations":[{"start":{"line":11,"column":4},"end":{"line":11,"column":81}},{"start":{},"end":{}}],"line":11}},"s":{"0":4,"1":4,"2":4,"3":17,"4":17,"5":17,"6":1,"7":16,"8":14,"9":0,"10":14,"11":14,"12":3,"13":4},"f":{"0":17},"b":{"0":[1,16],"1":[0,14]},"_coverageSchema":"1a1c01bbd47fc00a2c39e90264f33305004495a9","hash":"507650f7729317535e5009eced6f39d8445d3596"}
,"C:\\Users\\M.KHANSA\\hacktiv8\\Phase 3\\final project(new)\\m2m-backend\\middleware\\errorHandler.js": {"path":"C:\\Users\\M.KHANSA\\hacktiv8\\Phase 3\\final project(new)\\m2m-backend\\middleware\\errorHandler.js","statementMap":{"0":{"start":{"line":1,"column":20},"end":{"line":1,"column":53}},"1":{"start":{"line":2,"column":30},"end":{"line":2,"column":53}},"2":{"start":{"line":3,"column":28},"end":{"line":3,"column":48}},"3":{"start":{"line":4,"column":21},"end":{"line":24,"column":1}},"4":{"start":{"line":5,"column":2},"end":{"line":9,"column":3}},"5":{"start":{"line":6,"column":4},"end":{"line":8,"column":7}},"6":{"start":{"line":11,"column":2},"end":{"line":15,"column":3}},"7":{"start":{"line":12,"column":4},"end":{"line":14,"column":7}},"8":{"start":{"line":17,"column":2},"end":{"line":19,"column":3}},"9":{"start":{"line":18,"column":4},"end":{"line":18,"column":68}},"10":{"start":{"line":18,"column":55},"end":{"line":18,"column":65}},"11":{"start":{"line":21,"column":2},"end":{"line":23,"column":5}},"12":{"start":{"line":26,"column":0},"end":{"line":26,"column":30}}},"fnMap":{"0":{"name":"(anonymous_0)","decl":{"start":{"line":4,"column":21},"end":{"line":4,"column":22}},"loc":{"start":{"line":4,"column":46},"end":{"line":24,"column":1}},"line":4},"1":{"name":"(anonymous_1)","decl":{"start":{"line":18,"column":47},"end":{"line":18,"column":48}},"loc":{"start":{"line":18,"column":55},"end":{"line":18,"column":65}},"line":18}},"branchMap":{"0":{"loc":{"start":{"line":5,"column":2},"end":{"line":9,"column":3}},"type":"if","locations":[{"start":{"line":5,"column":2},"end":{"line":9,"column":3}},{"start":{},"end":{}}],"line":5},"1":{"loc":{"start":{"line":11,"column":2},"end":{"line":15,"column":3}},"type":"if","locations":[{"start":{"line":11,"column":2},"end":{"line":15,"column":3}},{"start":{},"end":{}}],"line":11},"2":{"loc":{"start":{"line":17,"column":2},"end":{"line":19,"column":3}},"type":"if","locations":[{"start":{"line":17,"column":2},"end":{"line":19,"column":3}},{"start":{},"end":{}}],"line":17}},"s":{"0":4,"1":4,"2":4,"3":4,"4":11,"5":6,"6":5,"7":2,"8":3,"9":2,"10":4,"11":1,"12":4},"f":{"0":11,"1":4},"b":{"0":[6,5],"1":[2,3],"2":[2,1]},"_coverageSchema":"1a1c01bbd47fc00a2c39e90264f33305004495a9","hash":"36e8aefca7e629d9456d33ada0c9a32928daab42"}
,"C:\\Users\\M.KHANSA\\hacktiv8\\Phase 3\\final project(new)\\m2m-backend\\models\\category.js": {"path":"C:\\Users\\M.KHANSA\\hacktiv8\\Phase 3\\final project(new)\\m2m-backend\\models\\category.js","statementMap":{"0":{"start":{"line":4,"column":4},"end":{"line":4,"column":24}},"1":{"start":{"line":5,"column":0},"end":{"line":26,"column":2}},"2":{"start":{"line":14,"column":6},"end":{"line":14,"column":65}},"3":{"start":{"line":15,"column":6},"end":{"line":15,"column":65}},"4":{"start":{"line":18,"column":2},"end":{"line":24,"column":5}},"5":{"start":{"line":25,"column":2},"end":{"line":25,"column":18}}},"fnMap":{"0":{"name":"(anonymous_0)","decl":{"start":{"line":5,"column":17},"end":{"line":5,"column":18}},"loc":{"start":{"line":5,"column":43},"end":{"line":26,"column":1}},"line":5},"1":{"name":"(anonymous_1)","decl":{"start":{"line":12,"column":4},"end":{"line":12,"column":5}},"loc":{"start":{"line":12,"column":29},"end":{"line":16,"column":5}},"line":12}},"branchMap":{},"s":{"0":4,"1":4,"2":4,"3":4,"4":4,"5":4},"f":{"0":4,"1":4},"b":{},"_coverageSchema":"1a1c01bbd47fc00a2c39e90264f33305004495a9","hash":"5705fb5d893e13a152321467e71c9428f304077c"}
,"C:\\Users\\M.KHANSA\\hacktiv8\\Phase 3\\final project(new)\\m2m-backend\\models\\field.js": {"path":"C:\\Users\\M.KHANSA\\hacktiv8\\Phase 3\\final project(new)\\m2m-backend\\models\\field.js","statementMap":{"0":{"start":{"line":4,"column":4},"end":{"line":4,"column":24}},"1":{"start":{"line":5,"column":0},"end":{"line":33,"column":2}},"2":{"start":{"line":14,"column":6},"end":{"line":14,"column":67}},"3":{"start":{"line":15,"column":6},"end":{"line":15,"column":59}},"4":{"start":{"line":18,"column":2},"end":{"line":31,"column":5}},"5":{"start":{"line":32,"column":2},"end":{"line":32,"column":15}}},"fnMap":{"0":{"name":"(anonymous_0)","decl":{"start":{"line":5,"column":17},"end":{"line":5,"column":18}},"loc":{"start":{"line":5,"column":43},"end":{"line":33,"column":1}},"line":5},"1":{"name":"(anonymous_1)","decl":{"start":{"line":12,"column":4},"end":{"line":12,"column":5}},"loc":{"start":{"line":12,"column":29},"end":{"line":16,"column":5}},"line":12}},"branchMap":{},"s":{"0":4,"1":4,"2":4,"3":4,"4":4,"5":4},"f":{"0":4,"1":4},"b":{},"_coverageSchema":"1a1c01bbd47fc00a2c39e90264f33305004495a9","hash":"8da7227b8cb4eb4d34c4c8dd103e38f58c56ff86"}
,"C:\\Users\\M.KHANSA\\hacktiv8\\Phase 3\\final project(new)\\m2m-backend\\models\\index.js": {"path":"C:\\Users\\M.KHANSA\\hacktiv8\\Phase 3\\final project(new)\\m2m-backend\\models\\index.js","statementMap":{"0":{"start":{"line":3,"column":11},"end":{"line":3,"column":24}},"1":{"start":{"line":4,"column":13},"end":{"line":4,"column":28}},"2":{"start":{"line":5,"column":18},"end":{"line":5,"column":38}},"3":{"start":{"line":6,"column":16},"end":{"line":6,"column":34}},"4":{"start":{"line":7,"column":17},"end":{"line":7,"column":42}},"5":{"start":{"line":8,"column":12},"end":{"line":8,"column":49}},"6":{"start":{"line":9,"column":15},"end":{"line":9,"column":65}},"7":{"start":{"line":10,"column":11},"end":{"line":10,"column":13}},"8":{"start":{"line":13,"column":0},"end":{"line":17,"column":1}},"9":{"start":{"line":14,"column":2},"end":{"line":14,"column":74}},"10":{"start":{"line":16,"column":2},"end":{"line":16,"column":87}},"11":{"start":{"line":19,"column":0},"end":{"line":27,"column":5}},"12":{"start":{"line":22,"column":4},"end":{"line":22,"column":90}},"13":{"start":{"line":25,"column":18},"end":{"line":25,"column":85}},"14":{"start":{"line":26,"column":4},"end":{"line":26,"column":27}},"15":{"start":{"line":29,"column":0},"end":{"line":33,"column":3}},"16":{"start":{"line":30,"column":2},"end":{"line":32,"column":3}},"17":{"start":{"line":31,"column":4},"end":{"line":31,"column":32}},"18":{"start":{"line":35,"column":0},"end":{"line":35,"column":25}},"19":{"start":{"line":36,"column":0},"end":{"line":36,"column":25}},"20":{"start":{"line":38,"column":0},"end":{"line":38,"column":20}}},"fnMap":{"0":{"name":"(anonymous_0)","decl":{"start":{"line":21,"column":10},"end":{"line":21,"column":11}},"loc":{"start":{"line":21,"column":18},"end":{"line":23,"column":3}},"line":21},"1":{"name":"(anonymous_1)","decl":{"start":{"line":24,"column":11},"end":{"line":24,"column":12}},"loc":{"start":{"line":24,"column":19},"end":{"line":27,"column":3}},"line":24},"2":{"name":"(anonymous_2)","decl":{"start":{"line":29,"column":24},"end":{"line":29,"column":25}},"loc":{"start":{"line":29,"column":37},"end":{"line":33,"column":1}},"line":29}},"branchMap":{"0":{"loc":{"start":{"line":8,"column":12},"end":{"line":8,"column":49}},"type":"binary-expr","locations":[{"start":{"line":8,"column":12},"end":{"line":8,"column":32}},{"start":{"line":8,"column":36},"end":{"line":8,"column":49}}],"line":8},"1":{"loc":{"start":{"line":13,"column":0},"end":{"line":17,"column":1}},"type":"if","locations":[{"start":{"line":13,"column":0},"end":{"line":17,"column":1}},{"start":{"line":15,"column":7},"end":{"line":17,"column":1}}],"line":13},"2":{"loc":{"start":{"line":22,"column":11},"end":{"line":22,"column":89}},"type":"binary-expr","locations":[{"start":{"line":22,"column":12},"end":{"line":22,"column":35}},{"start":{"line":22,"column":41},"end":{"line":22,"column":58}},{"start":{"line":22,"column":64},"end":{"line":22,"column":88}}],"line":22},"3":{"loc":{"start":{"line":30,"column":2},"end":{"line":32,"column":3}},"type":"if","locations":[{"start":{"line":30,"column":2},"end":{"line":32,"column":3}},{"start":{},"end":{}}],"line":30}},"s":{"0":4,"1":4,"2":4,"3":4,"4":4,"5":4,"6":4,"7":4,"8":4,"9":0,"10":4,"11":4,"12":24,"13":20,"14":20,"15":4,"16":20,"17":20,"18":4,"19":4,"20":4},"f":{"0":24,"1":20,"2":20},"b":{"0":[4,0],"1":[0,4],"2":[24,24,20],"3":[20,0]},"_coverageSchema":"1a1c01bbd47fc00a2c39e90264f33305004495a9","hash":"3221b62078c6a0491328baca2f63a42e07ab1ad7"}
,"C:\\Users\\M.KHANSA\\hacktiv8\\Phase 3\\final project(new)\\m2m-backend\\models\\match.js": {"path":"C:\\Users\\M.KHANSA\\hacktiv8\\Phase 3\\final project(new)\\m2m-backend\\models\\match.js","statementMap":{"0":{"start":{"line":2,"column":18},"end":{"line":2,"column":38}},"1":{"start":{"line":3,"column":0},"end":{"line":74,"column":2}},"2":{"start":{"line":12,"column":6},"end":{"line":12,"column":67}},"3":{"start":{"line":13,"column":6},"end":{"line":13,"column":61}},"4":{"start":{"line":14,"column":6},"end":{"line":14,"column":63}},"5":{"start":{"line":15,"column":6},"end":{"line":15,"column":69}},"6":{"start":{"line":18,"column":2},"end":{"line":72,"column":4}},"7":{"start":{"line":73,"column":2},"end":{"line":73,"column":15}}},"fnMap":{"0":{"name":"(anonymous_0)","decl":{"start":{"line":3,"column":17},"end":{"line":3,"column":18}},"loc":{"start":{"line":3,"column":43},"end":{"line":74,"column":1}},"line":3},"1":{"name":"(anonymous_1)","decl":{"start":{"line":10,"column":4},"end":{"line":10,"column":5}},"loc":{"start":{"line":10,"column":29},"end":{"line":16,"column":5}},"line":10}},"branchMap":{},"s":{"0":4,"1":4,"2":4,"3":4,"4":4,"5":4,"6":4,"7":4},"f":{"0":4,"1":4},"b":{},"_coverageSchema":"1a1c01bbd47fc00a2c39e90264f33305004495a9","hash":"762246bb9d3a856ffd0dbfd758ebce80954d822b"}
,"C:\\Users\\M.KHANSA\\hacktiv8\\Phase 3\\final project(new)\\m2m-backend\\models\\matchdetail.js": {"path":"C:\\Users\\M.KHANSA\\hacktiv8\\Phase 3\\final project(new)\\m2m-backend\\models\\matchdetail.js","statementMap":{"0":{"start":{"line":4,"column":4},"end":{"line":4,"column":24}},"1":{"start":{"line":5,"column":0},"end":{"line":27,"column":2}},"2":{"start":{"line":14,"column":6},"end":{"line":14,"column":65}},"3":{"start":{"line":15,"column":6},"end":{"line":15,"column":67}},"4":{"start":{"line":18,"column":2},"end":{"line":25,"column":5}},"5":{"start":{"line":26,"column":2},"end":{"line":26,"column":21}}},"fnMap":{"0":{"name":"(anonymous_0)","decl":{"start":{"line":5,"column":17},"end":{"line":5,"column":18}},"loc":{"start":{"line":5,"column":43},"end":{"line":27,"column":1}},"line":5},"1":{"name":"(anonymous_1)","decl":{"start":{"line":12,"column":4},"end":{"line":12,"column":5}},"loc":{"start":{"line":12,"column":29},"end":{"line":16,"column":5}},"line":12}},"branchMap":{},"s":{"0":4,"1":4,"2":4,"3":4,"4":4,"5":4},"f":{"0":4,"1":4},"b":{},"_coverageSchema":"1a1c01bbd47fc00a2c39e90264f33305004495a9","hash":"7fb0c6c684cbcc74920d69fa995977cdef84898c"}
,"C:\\Users\\M.KHANSA\\hacktiv8\\Phase 3\\final project(new)\\m2m-backend\\models\\user.js": {"path":"C:\\Users\\M.KHANSA\\hacktiv8\\Phase 3\\final project(new)\\m2m-backend\\models\\user.js","statementMap":{"0":{"start":{"line":2,"column":18},"end":{"line":2,"column":38}},"1":{"start":{"line":3,"column":25},"end":{"line":3,"column":53}},"2":{"start":{"line":5,"column":0},"end":{"line":84,"column":2}},"3":{"start":{"line":14,"column":6},"end":{"line":14,"column":65}},"4":{"start":{"line":15,"column":6},"end":{"line":15,"column":59}},"5":{"start":{"line":18,"column":2},"end":{"line":78,"column":4}},"6":{"start":{"line":80,"column":2},"end":{"line":82,"column":5}},"7":{"start":{"line":81,"column":4},"end":{"line":81,"column":48}},"8":{"start":{"line":83,"column":2},"end":{"line":83,"column":14}}},"fnMap":{"0":{"name":"(anonymous_0)","decl":{"start":{"line":5,"column":17},"end":{"line":5,"column":18}},"loc":{"start":{"line":5,"column":43},"end":{"line":84,"column":1}},"line":5},"1":{"name":"(anonymous_1)","decl":{"start":{"line":12,"column":4},"end":{"line":12,"column":5}},"loc":{"start":{"line":12,"column":29},"end":{"line":16,"column":5}},"line":12},"2":{"name":"(anonymous_2)","decl":{"start":{"line":80,"column":20},"end":{"line":80,"column":21}},"loc":{"start":{"line":80,"column":38},"end":{"line":82,"column":3}},"line":80}},"branchMap":{},"s":{"0":4,"1":4,"2":4,"3":4,"4":4,"5":4,"6":4,"7":4,"8":4},"f":{"0":4,"1":4,"2":4},"b":{},"_coverageSchema":"1a1c01bbd47fc00a2c39e90264f33305004495a9","hash":"5756b6aed2bab260ccc78fde9ec01f2001fc88ce"}
,"C:\\Users\\M.KHANSA\\hacktiv8\\Phase 3\\final project(new)\\m2m-backend\\routes\\categoryRoute.js": {"path":"C:\\Users\\M.KHANSA\\hacktiv8\\Phase 3\\final project(new)\\m2m-backend\\routes\\categoryRoute.js","statementMap":{"0":{"start":{"line":1,"column":15},"end":{"line":1,"column":42}},"1":{"start":{"line":2,"column":27},"end":{"line":2,"column":61}},"2":{"start":{"line":4,"column":0},"end":{"line":4,"column":52}},"3":{"start":{"line":5,"column":0},"end":{"line":5,"column":24}}},"fnMap":{},"branchMap":{},"s":{"0":4,"1":4,"2":4,"3":4},"f":{},"b":{},"_coverageSchema":"1a1c01bbd47fc00a2c39e90264f33305004495a9","hash":"97072d58473a0640b9fad2e573d51672bbcd1bff"}
,"C:\\Users\\M.KHANSA\\hacktiv8\\Phase 3\\final project(new)\\m2m-backend\\routes\\fieldRoute.js": {"path":"C:\\Users\\M.KHANSA\\hacktiv8\\Phase 3\\final project(new)\\m2m-backend\\routes\\fieldRoute.js","statementMap":{"0":{"start":{"line":1,"column":24},"end":{"line":1,"column":56}},"1":{"start":{"line":2,"column":15},"end":{"line":2,"column":42}},"2":{"start":{"line":4,"column":0},"end":{"line":4,"column":49}},"3":{"start":{"line":6,"column":0},"end":{"line":6,"column":24}}},"fnMap":{},"branchMap":{},"s":{"0":4,"1":4,"2":4,"3":4},"f":{},"b":{},"_coverageSchema":"1a1c01bbd47fc00a2c39e90264f33305004495a9","hash":"a96f9be8abd26c1b78ceab32392054a23e48d614"}
,"C:\\Users\\M.KHANSA\\hacktiv8\\Phase 3\\final project(new)\\m2m-backend\\routes\\index.js": {"path":"C:\\Users\\M.KHANSA\\hacktiv8\\Phase 3\\final project(new)\\m2m-backend\\routes\\index.js","statementMap":{"0":{"start":{"line":1,"column":15},"end":{"line":1,"column":42}},"1":{"start":{"line":2,"column":19},"end":{"line":2,"column":41}},"2":{"start":{"line":3,"column":20},"end":{"line":3,"column":43}},"3":{"start":{"line":4,"column":20},"end":{"line":4,"column":43}},"4":{"start":{"line":5,"column":23},"end":{"line":5,"column":49}},"5":{"start":{"line":6,"column":21},"end":{"line":6,"column":58}},"6":{"start":{"line":8,"column":0},"end":{"line":8,"column":23}},"7":{"start":{"line":9,"column":0},"end":{"line":9,"column":24}},"8":{"start":{"line":10,"column":0},"end":{"line":10,"column":24}},"9":{"start":{"line":11,"column":0},"end":{"line":11,"column":27}},"10":{"start":{"line":12,"column":0},"end":{"line":12,"column":25}},"11":{"start":{"line":13,"column":0},"end":{"line":13,"column":24}}},"fnMap":{},"branchMap":{},"s":{"0":4,"1":4,"2":4,"3":4,"4":4,"5":4,"6":4,"7":4,"8":4,"9":4,"10":4,"11":4},"f":{},"b":{},"_coverageSchema":"1a1c01bbd47fc00a2c39e90264f33305004495a9","hash":"b9963fde4739fd56876d863c4fd61377aec7520d"}
,"C:\\Users\\M.KHANSA\\hacktiv8\\Phase 3\\final project(new)\\m2m-backend\\routes\\matchRoute.js": {"path":"C:\\Users\\M.KHANSA\\hacktiv8\\Phase 3\\final project(new)\\m2m-backend\\routes\\matchRoute.js","statementMap":{"0":{"start":{"line":1,"column":24},"end":{"line":1,"column":55}},"1":{"start":{"line":2,"column":15},"end":{"line":2,"column":42}},"2":{"start":{"line":3,"column":20},"end":{"line":3,"column":56}},"3":{"start":{"line":5,"column":0},"end":{"line":5,"column":62}},"4":{"start":{"line":6,"column":0},"end":{"line":6,"column":76}},"5":{"start":{"line":7,"column":0},"end":{"line":7,"column":66}},"6":{"start":{"line":8,"column":0},"end":{"line":8,"column":76}},"7":{"start":{"line":9,"column":0},"end":{"line":9,"column":79}},"8":{"start":{"line":10,"column":0},"end":{"line":10,"column":98}},"9":{"start":{"line":11,"column":0},"end":{"line":11,"column":123}},"10":{"start":{"line":13,"column":0},"end":{"line":13,"column":24}}},"fnMap":{},"branchMap":{},"s":{"0":4,"1":4,"2":4,"3":4,"4":4,"5":4,"6":4,"7":4,"8":4,"9":4,"10":4},"f":{},"b":{},"_coverageSchema":"1a1c01bbd47fc00a2c39e90264f33305004495a9","hash":"61da4c24cf943b84398be0c955f3fdf0cedf246d"}
,"C:\\Users\\M.KHANSA\\hacktiv8\\Phase 3\\final project(new)\\m2m-backend\\routes\\userRoute.js": {"path":"C:\\Users\\M.KHANSA\\hacktiv8\\Phase 3\\final project(new)\\m2m-backend\\routes\\userRoute.js","statementMap":{"0":{"start":{"line":1,"column":23},"end":{"line":1,"column":53}},"1":{"start":{"line":3,"column":15},"end":{"line":3,"column":42}},"2":{"start":{"line":5,"column":0},"end":{"line":5,"column":44}},"3":{"start":{"line":6,"column":0},"end":{"line":6,"column":50}},"4":{"start":{"line":7,"column":0},"end":{"line":7,"column":24}}},"fnMap":{},"branchMap":{},"s":{"0":4,"1":4,"2":4,"3":4,"4":4},"f":{},"b":{},"_coverageSchema":"1a1c01bbd47fc00a2c39e90264f33305004495a9","hash":"f9454af5646872cc07b09f612d50c6b9c93f95df"}
}
