TN:
SF:app.js
FNF:0
FNH:0
DA:1,4
DA:2,4
DA:4,4
DA:5,4
DA:6,4
DA:8,4
DA:10,4
DA:11,4
DA:12,4
DA:13,4
DA:15,4
LF:11
LH:11
BRDA:1,0,0,4
BRDA:1,0,1,0
BRF:2
BRH:1
end_of_record
TN:
SF:controllers\category.js
FN:4,(anonymous_0)
FNF:1
FNH:1
FNDA:2,(anonymous_0)
DA:1,4
DA:5,2
DA:6,2
DA:7,2
DA:9,0
DA:14,4
LF:6
LH:5
BRF:0
BRH:0
end_of_record
TN:
SF:controllers\fields.js
FN:4,(anonymous_0)
FNF:1
FNH:1
FNDA:1,(anonymous_0)
DA:1,4
DA:5,1
DA:6,1
DA:7,1
DA:9,0
DA:14,4
LF:6
LH:5
BRF:0
BRH:0
end_of_record
TN:
SF:controllers\match.js
FN:13,(anonymous_0)
FN:51,(anonymous_1)
FN:78,(anonymous_2)
FN:125,(anonymous_3)
FN:162,(anonymous_4)
FN:190,(anonymous_5)
FN:217,(anonymous_6)
FNF:7
FNH:5
FNDA:0,(anonymous_0)
FNDA:0,(anonymous_1)
FNDA:7,(anonymous_2)
FNDA:1,(anonymous_3)
FNDA:2,(anonymous_4)
FNDA:2,(anonymous_5)
FNDA:2,(anonymous_6)
DA:8,4
DA:9,4
DA:10,4
DA:14,0
DA:15,0
DA:27,0
DA:29,0
DA:43,0
DA:47,0
DA:52,0
DA:53,0
DA:55,0
DA:56,0
DA:57,0
DA:58,0
DA:60,0
DA:61,0
DA:67,0
DA:70,0
DA:74,0
DA:79,7
DA:80,7
DA:82,7
DA:83,1
DA:85,6
DA:87,6
DA:88,2
DA:101,4
DA:102,1
DA:104,3
DA:107,4
DA:108,1
DA:111,4
DA:112,1
DA:115,4
DA:116,4
DA:119,5
DA:121,2
DA:126,1
DA:127,1
DA:128,1
DA:156,1
DA:158,0
DA:163,2
DA:164,2
DA:165,2
DA:166,2
DA:168,2
DA:177,2
DA:178,1
DA:184,1
DA:186,1
DA:191,2
DA:192,2
DA:193,2
DA:195,2
DA:196,2
DA:197,1
DA:199,1
DA:211,1
DA:213,1
DA:218,2
DA:219,2
DA:220,2
DA:223,2
DA:232,2
DA:233,1
DA:234,1
DA:239,1
DA:242,2
DA:246,0
DA:251,4
LF:72
LH:53
BRDA:57,0,0,0
BRDA:57,0,1,0
BRDA:60,1,0,0
BRDA:60,1,1,0
BRDA:82,2,0,1
BRDA:82,2,1,6
BRDA:82,3,0,7
BRDA:82,3,1,3
BRDA:87,4,0,2
BRDA:87,4,1,4
BRDA:101,5,0,1
BRDA:101,5,1,3
BRDA:107,6,0,1
BRDA:107,6,1,3
BRDA:111,7,0,1
BRDA:111,7,1,3
BRDA:177,8,0,1
BRDA:177,8,1,1
BRDA:196,9,0,1
BRDA:196,9,1,1
BRDA:232,10,0,1
BRDA:232,10,1,1
BRF:22
BRH:18
end_of_record
TN:
SF:controllers\user.js
FN:7,(anonymous_0)
FN:26,(anonymous_1)
FNF:2
FNH:2
FNDA:3,(anonymous_0)
FNDA:3,(anonymous_1)
DA:1,4
DA:2,4
DA:3,4
DA:4,4
DA:8,3
DA:9,3
DA:10,3
DA:11,3
DA:12,1
DA:14,2
DA:15,2
DA:16,1
DA:18,1
DA:19,1
DA:20,1
DA:22,2
DA:27,3
DA:28,3
DA:30,3
DA:31,1
DA:35,2
DA:40,4
LF:22
LH:22
BRDA:11,0,0,1
BRDA:11,0,1,2
BRDA:15,1,0,1
BRDA:15,1,1,1
BRF:4
BRH:4
end_of_record
TN:
SF:helpers\bcrypt.js
FN:3,hashPassword
FN:7,comparePassword
FNF:2
FNH:2
FNDA:5,hashPassword
FNDA:2,comparePassword
DA:1,4
DA:4,5
DA:8,2
DA:11,4
LF:4
LH:4
BRF:0
BRH:0
end_of_record
TN:
SF:helpers\customError.js
FN:2,(anonymous_0)
FNF:1
FNH:1
FNDA:6,(anonymous_0)
DA:3,6
DA:4,6
DA:5,6
DA:9,4
LF:4
LH:4
BRF:0
BRH:0
end_of_record
TN:
SF:helpers\jwt.js
FN:3,createToken
FN:7,verifyToken
FNF:2
FNH:2
FNDA:4,createToken
FNDA:16,verifyToken
DA:1,4
DA:4,4
DA:8,16
DA:11,4
LF:4
LH:4
BRF:0
BRH:0
end_of_record
TN:
SF:middleware\authHandler.js
FN:4,(anonymous_0)
FNF:1
FNH:1
FNDA:17,(anonymous_0)
DA:1,4
DA:2,4
DA:4,4
DA:5,17
DA:6,17
DA:7,17
DA:9,16
DA:11,14
DA:13,14
DA:14,14
DA:16,3
DA:20,4
LF:12
LH:12
BRDA:7,0,0,1
BRDA:7,0,1,16
BRDA:11,1,0,0
BRDA:11,1,1,14
BRF:4
BRH:3
end_of_record
TN:
SF:middleware\errorHandler.js
FN:4,(anonymous_0)
FN:18,(anonymous_1)
FNF:2
FNH:2
FNDA:11,(anonymous_0)
FNDA:4,(anonymous_1)
DA:1,4
DA:2,4
DA:3,4
DA:4,4
DA:5,11
DA:6,6
DA:11,5
DA:12,2
DA:17,3
DA:18,4
DA:21,1
DA:26,4
LF:12
LH:12
BRDA:5,0,0,6
BRDA:5,0,1,5
BRDA:11,1,0,2
BRDA:11,1,1,3
BRDA:17,2,0,2
BRDA:17,2,1,1
BRF:6
BRH:6
end_of_record
TN:
SF:models\category.js
FN:5,(anonymous_0)
FN:12,(anonymous_1)
FNF:2
FNH:2
FNDA:4,(anonymous_0)
FNDA:4,(anonymous_1)
DA:4,4
DA:5,4
DA:14,4
DA:15,4
DA:18,4
DA:25,4
LF:6
LH:6
BRF:0
BRH:0
end_of_record
TN:
SF:models\field.js
FN:5,(anonymous_0)
FN:12,(anonymous_1)
FNF:2
FNH:2
FNDA:4,(anonymous_0)
FNDA:4,(anonymous_1)
DA:4,4
DA:5,4
DA:14,4
DA:15,4
DA:18,4
DA:32,4
LF:6
LH:6
BRF:0
BRH:0
end_of_record
TN:
SF:models\index.js
FN:21,(anonymous_0)
FN:24,(anonymous_1)
FN:29,(anonymous_2)
FNF:3
FNH:3
FNDA:24,(anonymous_0)
FNDA:20,(anonymous_1)
FNDA:20,(anonymous_2)
DA:3,4
DA:4,4
DA:5,4
DA:6,4
DA:7,4
DA:8,4
DA:9,4
DA:10,4
DA:13,4
DA:14,0
DA:16,4
DA:19,4
DA:22,24
DA:25,20
DA:26,20
DA:29,4
DA:30,20
DA:31,20
DA:35,4
DA:36,4
DA:38,4
LF:21
LH:20
BRDA:8,0,0,4
BRDA:8,0,1,0
BRDA:13,1,0,0
BRDA:13,1,1,4
BRDA:22,2,0,24
BRDA:22,2,1,24
BRDA:22,2,2,20
BRDA:30,3,0,20
BRDA:30,3,1,0
BRF:9
BRH:6
end_of_record
TN:
SF:models\match.js
FN:3,(anonymous_0)
FN:10,(anonymous_1)
FNF:2
FNH:2
FNDA:4,(anonymous_0)
FNDA:4,(anonymous_1)
DA:2,4
DA:3,4
DA:12,4
DA:13,4
DA:14,4
DA:15,4
DA:18,4
DA:73,4
LF:8
LH:8
BRF:0
BRH:0
end_of_record
TN:
SF:models\matchdetail.js
FN:5,(anonymous_0)
FN:12,(anonymous_1)
FNF:2
FNH:2
FNDA:4,(anonymous_0)
FNDA:4,(anonymous_1)
DA:4,4
DA:5,4
DA:14,4
DA:15,4
DA:18,4
DA:26,4
LF:6
LH:6
BRF:0
BRH:0
end_of_record
TN:
SF:models\user.js
FN:5,(anonymous_0)
FN:12,(anonymous_1)
FN:80,(anonymous_2)
FNF:3
FNH:3
FNDA:4,(anonymous_0)
FNDA:4,(anonymous_1)
FNDA:4,(anonymous_2)
DA:2,4
DA:3,4
DA:5,4
DA:14,4
DA:15,4
DA:18,4
DA:80,4
DA:81,4
DA:83,4
LF:9
LH:9
BRF:0
BRH:0
end_of_record
TN:
SF:routes\categoryRoute.js
FNF:0
FNH:0
DA:1,4
DA:2,4
DA:4,4
DA:5,4
LF:4
LH:4
BRF:0
BRH:0
end_of_record
TN:
SF:routes\fieldRoute.js
FNF:0
FNH:0
DA:1,4
DA:2,4
DA:4,4
DA:6,4
LF:4
LH:4
BRF:0
BRH:0
end_of_record
TN:
SF:routes\index.js
FNF:0
FNH:0
DA:1,4
DA:2,4
DA:3,4
DA:4,4
DA:5,4
DA:6,4
DA:8,4
DA:9,4
DA:10,4
DA:11,4
DA:12,4
DA:13,4
LF:12
LH:12
BRF:0
BRH:0
end_of_record
TN:
SF:routes\matchRoute.js
FNF:0
FNH:0
DA:1,4
DA:2,4
DA:3,4
DA:5,4
DA:6,4
DA:7,4
DA:8,4
DA:9,4
DA:10,4
DA:11,4
DA:13,4
LF:11
LH:11
BRF:0
BRH:0
end_of_record
TN:
SF:routes\userRoute.js
FNF:0
FNH:0
DA:1,4
DA:3,4
DA:5,4
DA:6,4
DA:7,4
LF:5
LH:5
BRF:0
BRH:0
end_of_record
